10 [140520585041856] INFO perfrun.launcher <> - Launcher main begin
11 [140520585041856] INFO perfrun.launcher <> - MessageCatalogInit finished
11 [140520585041856] INFO perfrun.launcher <> - Launcher instance created
11 [140520585041856] INFO perfrun.launcher <> - argc = 7; cmdline = /opt/intel/oneapi/advisor/2023.0.0/bin64/advixe-runss --ui-output-format xml --ui-output-fd 9 --option-file /home/user2/project/project/advisorMPIReport/e000/hs000/config/runss.options 
85 [140520585041856] INFO perfrun.launcher <> - create msngr2::ICliToolContext
86 [140520585041856] INFO perfrun.launcher <> - create file finder object
86 [140520585041856] INFO perfrun.launcher <> - create a result directory: pattern = /home/user2/project/project/advisorMPIReport/e000/hs000 pid = 4294967295
89 [140520585041856] INFO perfrun.sdk <> - checked that the directory /home/user2/project/project/advisorMPIReport/e000/hs000 is a local directory
89 [140520585041856] INFO perfrun.sdk <> - the directory /home/user2/project/project/advisorMPIReport/e000/hs000 is a local directory with FS type ID 1481003842
89 [140520585041856] INFO perfrun.launcher <> - create data directory = /home/user2/project/project/advisorMPIReport/e000/hs000/data.0
89 [140520585041856] INFO perfrun.launcher <> - Creating the master collection flag
98 [140520585041856] INFO perfrun.launcher <> - Done creating the master collection flag
113 [140520460138240] INFO perfrun.launcher <> - plugin [remoteplug] was disabled because it doesn't support the given collection type.
114 [140520460138240] INFO perfrun.sdk <> - Allocating TMU :/home/user2/project/project/advisorMPIReport/e000/hs000/data.0/systemcollector-105137-shavak.sc
114 [140520460138240] INFO perfrun.launcher <> - plugin [] was disabled because it doesn't support the given collection type.
114 [140520460138240] INFO perfrun.launcher <> - plugin [gpu] was disabled because it doesn't support the given collection type.
114 [140520460138240] INFO perfrun.launcher <> - plugin [] was disabled because it doesn't support the given collection type.
114 [140520460138240] INFO perfrun.launcher <> - plugin [] was disabled because it doesn't support the given collection type.
114 [140520460138240] INFO perfrun.launcher <> - plugin [] was disabled because it doesn't support the given collection type.
114 [140520460138240] INFO perfrun.mrte <> - system-wide mode is 0
114 [140520460138240] INFO perfrun.mrte <> - Getting  mrte profiling environment ...
127 [140520460138240] INFO perfrun.mrte <> - INTEL_MRTE_DATA_DIR=/home/user2/project/project/advisorMPIReport/e000/hs000/data.0
127 [140520460138240] INFO perfrun.mrte <> - INTEL_MRTE_HOST_NAME=shavak
127 [140520460138240] INFO perfrun.mrte <> - JAVA_TOOL_OPTIONS=-agentlib:advixe_tpssmrte_javaprof_1.0 -Dsun.boot.library.path=/opt/intel/oneapi/advisor/2023.0.0/lib32/runtime:/opt/intel/oneapi/advisor/2023.0.0/lib64/runtime
127 [140520460138240] INFO perfrun.mrte <> - LD_LIBRARY_PATH=/opt/intel/oneapi/advisor/2023.0.0/lib32/runtime:/opt/intel/oneapi/advisor/2023.0.0/lib64/runtime:/home/apps/spack/opt/spack/linux-centos7-cascadelake/gcc-11.2.0/openmpi-4.1.1-ng5onpe6lgk5uw65blmf7656dtucqoi3/lib:/home/apps/spack/opt/spack/linux-centos7-cascadelake/gcc-11.2.0/libedit-3.1-20210216-iy4gl5pbm56s4km7ltlftj44pc7vxbai/lib:/home/apps/spack/opt/spack/linux-centos7-cascadelake/gcc-11.2.0/numactl-2.0.14-3kvia3uck5vdpdl3eijmjxsz5tiypljf/lib:/home/apps/spack/opt/spack/linux-centos7-cascadelake/gcc-11.2.0/libevent-2.1.12-g3uxob6tamxinfaysf4ttc3nx5pjzb4h/lib:/home/apps/spack/opt/spack/linux-centos7-cascadelake/gcc-11.2.0/openssl-1.1.1l-eolm4whyoy4if5qr327vsy7dqnx7ojjk/lib:/home/apps/spack/opt/spack/linux-centos7-cascadelake/gcc-11.2.0/hwloc-2.6.0-rsbdipafg2udtzjjkohyqkzl6gjubakg/lib:/home/apps/spack/opt/spack/linux-centos7-cascadelake/gcc-11.2.0/ncurses-6.2-no6uqe3mopmh7qvnysmbwphhb7ohpw6r/lib:/home/apps/spack/opt/spack/linux-centos7-cascadelake/gcc-11.2.0/libxml2-2.9.12-kay3j2c6lwgtulz5lsosyvyv462cbzil/lib:/home/apps/spack/opt/spack/linux-centos7-cascadelake/gcc-11.2.0/zlib-1.2.11-2r3jtjxvltasn7jh64vhgfg6ikrckiy7/lib:/home/apps/spack/opt/spack/linux-centos7-cascadelake/gcc-11.2.0/xz-5.2.5-ah4yqsq3h4fyip47pjw4vvv4nu3xl7qa/lib:/home/apps/spack/opt/spack/linux-centos7-cascadelake/gcc-11.2.0/libiconv-1.16-mm6aw6xtwmip37hy5h6fikz4gg3mtl4n/lib:/home/apps/spack/opt/spack/linux-centos7-cascadelake/gcc-11.2.0/libpciaccess-0.16-cnsuydopm5t3k57rozbjqkx23jxie5gy/lib:/home/apps/spack/opt/spack/linux-centos7-cascadelake/gcc-11.2.0/openmpi-4.1.1-ng5onpe6lgk5uw65blmf7656dtucqoi3/lib:/home/apps/spack/opt/spack/linux-centos7-cascadelake/gcc-11.2.0/libedit-3.1-20210216-iy4gl5pbm56s4km7ltlftj44pc7vxbai/lib:/home/apps/spack/opt/spack/linux-centos7-cascadelake/gcc-11.2.0/numactl-2.0.14-3kvia3uck5vdpdl3eijmjxsz5tiypljf/lib:/home/apps/spack/opt/spack/linux-centos7-cascadelake/gcc-11.2.0/libevent-2.1.12-g3uxob6tamxinfaysf4ttc3nx5pjzb4h/lib:/home/apps/spack/opt/spack/linux-centos7-cascadelake/gcc-11.2.0/openssl-1.1.1l-eolm4whyoy4if5qr327vsy7dqnx7ojjk/lib:/home/apps/spack/opt/spack/linux-centos7-cascadelake/gcc-11.2.0/hwloc-2.6.0-rsbdipafg2udtzjjkohyqkzl6gjubakg/lib:/home/apps/spack/opt/spack/linux-centos7-cascadelake/gcc-11.2.0/ncurses-6.2-no6uqe3mopmh7qvnysmbwphhb7ohpw6r/lib:/home/apps/spack/opt/spack/linux-centos7-cascadelake/gcc-11.2.0/libxml2-2.9.12-kay3j2c6lwgtulz5lsosyvyv462cbzil/lib:/home/apps/spack/opt/spack/linux-centos7-cascadelake/gcc-11.2.0/zlib-1.2.11-2r3jtjxvltasn7jh64vhgfg6ikrckiy7/lib:/home/apps/spack/opt/spack/linux-centos7-cascadelake/gcc-11.2.0/xz-5.2.5-ah4yqsq3h4fyip47pjw4vvv4nu3xl7qa/lib:/home/apps/spack/opt/spack/linux-centos7-cascadelake/gcc-11.2.0/libiconv-1.16-mm6aw6xtwmip37hy5h6fikz4gg3mtl4n/lib:/home/apps/spack/opt/spack/linux-centos7-cascadelake/gcc-11.2.0/libpciaccess-0.16-cnsuydopm5t3k57rozbjqkx23jxie5gy/lib:/home/apps/spack/opt/spack/linux-centos7-haswell/gcc-4.8.5/gcc-11.2.0-yqde46ks5t2vg2szmjvadwjv6uwmmytl/lib64:/home/apps/spack/opt/spack/linux-centos7-haswell/gcc-4.8.5/gcc-11.2.0-yqde46ks5t2vg2szmjvadwjv6uwmmytl/lib:/home/apps/spack/opt/spack/linux-centos7-haswell/gcc-4.8.5/zstd-1.5.0-wzyweqguutprsdz4y7qo463s6qems3cg/lib:/home/apps/spack/opt/spack/linux-centos7-haswell/gcc-4.8.5/zlib-1.2.11-z6uqlxnwffiyq73uq23w4fyzl5fu5tlk/lib:/home/apps/spack/opt/spack/linux-centos7-haswell/gcc-4.8.5/mpc-1.1.0-eefajary4vqmefc2k7bfctquy35g2ma6/lib:/home/apps/spack/opt/spack/linux-centos7-haswell/gcc-4.8.5/mpfr-4.1.0-pk35h7mmygjfypa6yedvbfhh4hejdjef/lib:/home/apps/spack/opt/spack/linux-centos7-haswell/gcc-4.8.5/gmp-6.2.1-vhuln5lwyeuvyfmgn3mexasvykopasw6/lib
127 [140520460138240] INFO perfrun.mrte <> - Data directory: /home/user2/project/project/advisorMPIReport/e000/hs000/data.0
127 [140520460138240] INFO perfrun.mrte <> - Mrte plugin is initialized
127 [140520460138240] INFO perfrun.launcher <> - plugin [] was disabled because it doesn't support the given collection type.
127 [140520460138240] INFO perfrun.launcher <> - plugin [] was disabled because it doesn't support the given collection type.
127 [140520460138240] INFO perfrun.launcher <> - plugin [] was disabled because it doesn't support the given collection type.
127 [140520460138240] INFO perfrun.launcher <> - plugin [] was disabled because it doesn't support the given collection type.
127 [140520460138240] INFO perfrun.launcher <> - plugin [] was disabled because it doesn't support the given collection type.
127 [140520460138240] INFO perfrun.launcher <> - plugin [] was disabled because it doesn't support the given collection type.
127 [140520460138240] INFO perfrun.launcher <> - plugin [] was disabled because it doesn't support the given collection type.
127 [140520460138240] INFO perfrun.tpss <> - initialize tpss controller
127 [140520460138240] INFO perfrun.tpss <> - configure collection mode: value = cpu:stack
127 [140520460138240] INFO perfrun.tpss <> - default obj-size-min=1024
127 [140520460138240] INFO perfrun.tpss <> - default hash-table-size=0
127 [140520460138240] INFO perfrun.launcher <> - plugin [] was disabled because it doesn't support the given collection type.
127 [140520460138240] INFO perfrun.launcher <> - plugin [] was disabled because it doesn't support the given collection type.
127 [140520460138240] INFO perfrun.launcher <> - plugin [] was disabled because it doesn't support the given collection type.
127 [140520460138240] INFO perfrun.launcher <> - plugin [] was disabled because it doesn't support the given collection type.
127 [140520460138240] INFO perfrun.launcher <> - plugin [] was disabled because it doesn't support the given collection type.
127 [140520460138240] INFO perfrun.launcher <> - plugin [] was disabled because it doesn't support the given collection type.
127 [140520460138240] INFO perfrun.launcher <> - plugin [] was disabled because it doesn't support the given collection type.
127 [140520460138240] INFO perfrun.launcher <> - plugin [] was disabled because it doesn't support the given collection type.
127 [140520460138240] INFO perfrun.launcher <> - plugin [] was disabled because it doesn't support the given collection type.
127 [140520585041856] INFO perfrun.launcher <> - set environment variable: LD_LIBRARY_PATH = /opt/intel/oneapi/advisor/2023.0.0/lib32/runtime:/opt/intel/oneapi/advisor/2023.0.0/lib64/runtime:/home/apps/spack/opt/spack/linux-centos7-cascadelake/gcc-11.2.0/openmpi-4.1.1-ng5onpe6lgk5uw65blmf7656dtucqoi3/lib:/home/apps/spack/opt/spack/linux-centos7-cascadelake/gcc-11.2.0/libedit-3.1-20210216-iy4gl5pbm56s4km7ltlftj44pc7vxbai/lib:/home/apps/spack/opt/spack/linux-centos7-cascadelake/gcc-11.2.0/numactl-2.0.14-3kvia3uck5vdpdl3eijmjxsz5tiypljf/lib:/home/apps/spack/opt/spack/linux-centos7-cascadelake/gcc-11.2.0/libevent-2.1.12-g3uxob6tamxinfaysf4ttc3nx5pjzb4h/lib:/home/apps/spack/opt/spack/linux-centos7-cascadelake/gcc-11.2.0/openssl-1.1.1l-eolm4whyoy4if5qr327vsy7dqnx7ojjk/lib:/home/apps/spack/opt/spack/linux-centos7-cascadelake/gcc-11.2.0/hwloc-2.6.0-rsbdipafg2udtzjjkohyqkzl6gjubakg/lib:/home/apps/spack/opt/spack/linux-centos7-cascadelake/gcc-11.2.0/ncurses-6.2-no6uqe3mopmh7qvnysmbwphhb7ohpw6r/lib:/home/apps/spack/opt/spack/linux-centos7-cascadelake/gcc-11.2.0/libxml2-2.9.12-kay3j2c6lwgtulz5lsosyvyv462cbzil/lib:/home/apps/spack/opt/spack/linux-centos7-cascadelake/gcc-11.2.0/zlib-1.2.11-2r3jtjxvltasn7jh64vhgfg6ikrckiy7/lib:/home/apps/spack/opt/spack/linux-centos7-cascadelake/gcc-11.2.0/xz-5.2.5-ah4yqsq3h4fyip47pjw4vvv4nu3xl7qa/lib:/home/apps/spack/opt/spack/linux-centos7-cascadelake/gcc-11.2.0/libiconv-1.16-mm6aw6xtwmip37hy5h6fikz4gg3mtl4n/lib:/home/apps/spack/opt/spack/linux-centos7-cascadelake/gcc-11.2.0/libpciaccess-0.16-cnsuydopm5t3k57rozbjqkx23jxie5gy/lib:/home/apps/spack/opt/spack/linux-centos7-cascadelake/gcc-11.2.0/openmpi-4.1.1-ng5onpe6lgk5uw65blmf7656dtucqoi3/lib:/home/apps/spack/opt/spack/linux-centos7-cascadelake/gcc-11.2.0/libedit-3.1-20210216-iy4gl5pbm56s4km7ltlftj44pc7vxbai/lib:/home/apps/spack/opt/spack/linux-centos7-cascadelake/gcc-11.2.0/numactl-2.0.14-3kvia3uck5vdpdl3eijmjxsz5tiypljf/lib:/home/apps/spack/opt/spack/linux-centos7-cascadelake/gcc-11.2.0/libevent-2.1.12-g3uxob6tamxinfaysf4ttc3nx5pjzb4h/lib:/home/apps/spack/opt/spack/linux-centos7-cascadelake/gcc-11.2.0/openssl-1.1.1l-eolm4whyoy4if5qr327vsy7dqnx7ojjk/lib:/home/apps/spack/opt/spack/linux-centos7-cascadelake/gcc-11.2.0/hwloc-2.6.0-rsbdipafg2udtzjjkohyqkzl6gjubakg/lib:/home/apps/spack/opt/spack/linux-centos7-cascadelake/gcc-11.2.0/ncurses-6.2-no6uqe3mopmh7qvnysmbwphhb7ohpw6r/lib:/home/apps/spack/opt/spack/linux-centos7-cascadelake/gcc-11.2.0/libxml2-2.9.12-kay3j2c6lwgtulz5lsosyvyv462cbzil/lib:/home/apps/spack/opt/spack/linux-centos7-cascadelake/gcc-11.2.0/zlib-1.2.11-2r3jtjxvltasn7jh64vhgfg6ikrckiy7/lib:/home/apps/spack/opt/spack/linux-centos7-cascadelake/gcc-11.2.0/xz-5.2.5-ah4yqsq3h4fyip47pjw4vvv4nu3xl7qa/lib:/home/apps/spack/opt/spack/linux-centos7-cascadelake/gcc-11.2.0/libiconv-1.16-mm6aw6xtwmip37hy5h6fikz4gg3mtl4n/lib:/home/apps/spack/opt/spack/linux-centos7-cascadelake/gcc-11.2.0/libpciaccess-0.16-cnsuydopm5t3k57rozbjqkx23jxie5gy/lib:/home/apps/spack/opt/spack/linux-centos7-haswell/gcc-4.8.5/gcc-11.2.0-yqde46ks5t2vg2szmjvadwjv6uwmmytl/lib64:/home/apps/spack/opt/spack/linux-centos7-haswell/gcc-4.8.5/gcc-11.2.0-yqde46ks5t2vg2szmjvadwjv6uwmmytl/lib:/home/apps/spack/opt/spack/linux-centos7-haswell/gcc-4.8.5/zstd-1.5.0-wzyweqguutprsdz4y7qo463s6qems3cg/lib:/home/apps/spack/opt/spack/linux-centos7-haswell/gcc-4.8.5/zlib-1.2.11-z6uqlxnwffiyq73uq23w4fyzl5fu5tlk/lib:/home/apps/spack/opt/spack/linux-centos7-haswell/gcc-4.8.5/mpc-1.1.0-eefajary4vqmefc2k7bfctquy35g2ma6/lib:/home/apps/spack/opt/spack/linux-centos7-haswell/gcc-4.8.5/mpfr-4.1.0-pk35h7mmygjfypa6yedvbfhh4hejdjef/lib:/home/apps/spack/opt/spack/linux-centos7-haswell/gcc-4.8.5/gmp-6.2.1-vhuln5lwyeuvyfmgn3mexasvykopasw6/lib
127 [140520585041856] INFO perfrun.launcher <> - set environment variable: INTEL_LIBITTNOTIFY32 = /opt/intel/oneapi/advisor/2023.0.0/lib32/runtime/libittnotify_collector.so
127 [140520585041856] INFO perfrun.launcher <> - set environment variable: INTEL_LIBITTNOTIFY64 = /opt/intel/oneapi/advisor/2023.0.0/lib64/runtime/libittnotify_collector.so
127 [140520585041856] INFO perfrun.launcher <> - set environment variable: INTEL_ITTNOTIFY_GROUPS = 
127 [140520585041856] INFO perfrun.launcher <> - set environment variable: INTEL_JIT_PROFILER32 = /opt/intel/oneapi/advisor/2023.0.0/lib32/runtime/libittnotify_collector.so
128 [140520585041856] INFO perfrun.launcher <> - set environment variable: INTEL_JIT_PROFILER64 = /opt/intel/oneapi/advisor/2023.0.0/lib64/runtime/libittnotify_collector.so
128 [140520585041856] INFO perfrun.launcher <> - set environment variable: OMP_TOOL_LIBRARIES = /opt/intel/oneapi/advisor/2023.0.0/lib32/runtime/libittnotify_collector.so:/opt/intel/oneapi/advisor/2023.0.0/lib64/runtime/libittnotify_collector.so
128 [140520585041856] INFO perfrun.launcher <> - set environment variable: ENABLE_JITPROFILING = 1
128 [140520585041856] INFO perfrun.launcher <> - set environment variable: CL_CONFIG_USE_VTUNE = True
128 [140520585041856] INFO perfrun.launcher <> - set environment variable: KMP_FORKJOIN_FRAMES = 0
128 [140520585041856] INFO perfrun.launcher <> - set environment variable: KMP_FORKJOIN_FRAMES_MODE = 0
128 [140520585041856] INFO perfrun.launcher <> - set environment variable: OMP_TOOL = disabled
128 [140520585041856] INFO perfrun.launcher <> - set environment variable: INTEL_MRTE_DATA_DIR = /home/user2/project/project/advisorMPIReport/e000/hs000/data.0
128 [140520585041856] INFO perfrun.launcher <> - set environment variable: INTEL_MRTE_HOST_NAME = shavak
128 [140520585041856] INFO perfrun.launcher <> - set environment variable: JAVA_TOOL_OPTIONS = -agentlib:advixe_tpssmrte_javaprof_1.0 -Dsun.boot.library.path=/opt/intel/oneapi/advisor/2023.0.0/lib32/runtime:/opt/intel/oneapi/advisor/2023.0.0/lib64/runtime
128 [140520585041856] INFO perfrun.launcher <> - set environment variable: LD_LIBRARY_PATH = /opt/intel/oneapi/advisor/2023.0.0/lib32/runtime:/opt/intel/oneapi/advisor/2023.0.0/lib64/runtime:/home/apps/spack/opt/spack/linux-centos7-cascadelake/gcc-11.2.0/openmpi-4.1.1-ng5onpe6lgk5uw65blmf7656dtucqoi3/lib:/home/apps/spack/opt/spack/linux-centos7-cascadelake/gcc-11.2.0/libedit-3.1-20210216-iy4gl5pbm56s4km7ltlftj44pc7vxbai/lib:/home/apps/spack/opt/spack/linux-centos7-cascadelake/gcc-11.2.0/numactl-2.0.14-3kvia3uck5vdpdl3eijmjxsz5tiypljf/lib:/home/apps/spack/opt/spack/linux-centos7-cascadelake/gcc-11.2.0/libevent-2.1.12-g3uxob6tamxinfaysf4ttc3nx5pjzb4h/lib:/home/apps/spack/opt/spack/linux-centos7-cascadelake/gcc-11.2.0/openssl-1.1.1l-eolm4whyoy4if5qr327vsy7dqnx7ojjk/lib:/home/apps/spack/opt/spack/linux-centos7-cascadelake/gcc-11.2.0/hwloc-2.6.0-rsbdipafg2udtzjjkohyqkzl6gjubakg/lib:/home/apps/spack/opt/spack/linux-centos7-cascadelake/gcc-11.2.0/ncurses-6.2-no6uqe3mopmh7qvnysmbwphhb7ohpw6r/lib:/home/apps/spack/opt/spack/linux-centos7-cascadelake/gcc-11.2.0/libxml2-2.9.12-kay3j2c6lwgtulz5lsosyvyv462cbzil/lib:/home/apps/spack/opt/spack/linux-centos7-cascadelake/gcc-11.2.0/zlib-1.2.11-2r3jtjxvltasn7jh64vhgfg6ikrckiy7/lib:/home/apps/spack/opt/spack/linux-centos7-cascadelake/gcc-11.2.0/xz-5.2.5-ah4yqsq3h4fyip47pjw4vvv4nu3xl7qa/lib:/home/apps/spack/opt/spack/linux-centos7-cascadelake/gcc-11.2.0/libiconv-1.16-mm6aw6xtwmip37hy5h6fikz4gg3mtl4n/lib:/home/apps/spack/opt/spack/linux-centos7-cascadelake/gcc-11.2.0/libpciaccess-0.16-cnsuydopm5t3k57rozbjqkx23jxie5gy/lib:/home/apps/spack/opt/spack/linux-centos7-cascadelake/gcc-11.2.0/openmpi-4.1.1-ng5onpe6lgk5uw65blmf7656dtucqoi3/lib:/home/apps/spack/opt/spack/linux-centos7-cascadelake/gcc-11.2.0/libedit-3.1-20210216-iy4gl5pbm56s4km7ltlftj44pc7vxbai/lib:/home/apps/spack/opt/spack/linux-centos7-cascadelake/gcc-11.2.0/numactl-2.0.14-3kvia3uck5vdpdl3eijmjxsz5tiypljf/lib:/home/apps/spack/opt/spack/linux-centos7-cascadelake/gcc-11.2.0/libevent-2.1.12-g3uxob6tamxinfaysf4ttc3nx5pjzb4h/lib:/home/apps/spack/opt/spack/linux-centos7-cascadelake/gcc-11.2.0/openssl-1.1.1l-eolm4whyoy4if5qr327vsy7dqnx7ojjk/lib:/home/apps/spack/opt/spack/linux-centos7-cascadelake/gcc-11.2.0/hwloc-2.6.0-rsbdipafg2udtzjjkohyqkzl6gjubakg/lib:/home/apps/spack/opt/spack/linux-centos7-cascadelake/gcc-11.2.0/ncurses-6.2-no6uqe3mopmh7qvnysmbwphhb7ohpw6r/lib:/home/apps/spack/opt/spack/linux-centos7-cascadelake/gcc-11.2.0/libxml2-2.9.12-kay3j2c6lwgtulz5lsosyvyv462cbzil/lib:/home/apps/spack/opt/spack/linux-centos7-cascadelake/gcc-11.2.0/zlib-1.2.11-2r3jtjxvltasn7jh64vhgfg6ikrckiy7/lib:/home/apps/spack/opt/spack/linux-centos7-cascadelake/gcc-11.2.0/xz-5.2.5-ah4yqsq3h4fyip47pjw4vvv4nu3xl7qa/lib:/home/apps/spack/opt/spack/linux-centos7-cascadelake/gcc-11.2.0/libiconv-1.16-mm6aw6xtwmip37hy5h6fikz4gg3mtl4n/lib:/home/apps/spack/opt/spack/linux-centos7-cascadelake/gcc-11.2.0/libpciaccess-0.16-cnsuydopm5t3k57rozbjqkx23jxie5gy/lib:/home/apps/spack/opt/spack/linux-centos7-haswell/gcc-4.8.5/gcc-11.2.0-yqde46ks5t2vg2szmjvadwjv6uwmmytl/lib64:/home/apps/spack/opt/spack/linux-centos7-haswell/gcc-4.8.5/gcc-11.2.0-yqde46ks5t2vg2szmjvadwjv6uwmmytl/lib:/home/apps/spack/opt/spack/linux-centos7-haswell/gcc-4.8.5/zstd-1.5.0-wzyweqguutprsdz4y7qo463s6qems3cg/lib:/home/apps/spack/opt/spack/linux-centos7-haswell/gcc-4.8.5/zlib-1.2.11-z6uqlxnwffiyq73uq23w4fyzl5fu5tlk/lib:/home/apps/spack/opt/spack/linux-centos7-haswell/gcc-4.8.5/mpc-1.1.0-eefajary4vqmefc2k7bfctquy35g2ma6/lib:/home/apps/spack/opt/spack/linux-centos7-haswell/gcc-4.8.5/mpfr-4.1.0-pk35h7mmygjfypa6yedvbfhh4hejdjef/lib:/home/apps/spack/opt/spack/linux-centos7-haswell/gcc-4.8.5/gmp-6.2.1-vhuln5lwyeuvyfmgn3mexasvykopasw6/lib
128 [140520585041856] INFO perfrun.launcher <> - RpcServer: run RPC server to handle requests
129 [140520585041856] INFO perfrun.launcher <> - Launcher: command line to start before modification = /home/user2/project/project/option_pricing_openmpi
129 [140520585041856] INFO perfrun.launcher <> - Launcher: command line to start after modification = /opt/intel/oneapi/advisor/2023.0.0/bin64/pin -error_file /home/user2/project/project/advisorMPIReport/e000/hs000/data.0/pinerr.tpsslog -detach_reattach -follow_execv -tool_load_option deepbind -t64 /opt/intel/oneapi/advisor/2023.0.0/lib64/libtpsstool.so -t /opt/intel/oneapi/advisor/2023.0.0/lib32/libtpsstool.so -server_name tpss_ipc.105137 -prd_dir /opt/intel/oneapi/advisor/2023.0.0 -- /home/user2/project/project/option_pricing_openmpi
129 [140520585041856] INFO perfrun.launcher <> - ProcessCreator object was created
130 [140520585041856] INFO perfrun.launcher <> - Launcher: the process was started in suspend mode
145 [140520460138240] WARN perfrun.system <> - Could not do anything with /sys/kernel/debug/kvm: boost::filesystem::status: Permission denied: "/sys/kernel/debug/kvm", at file: vcs/perfrun1/plugins/system/src/trace_writer.cpp:787
155 [140520460138240] WARN perfrun.sdk <> - SEP tool is not available, at file: vcs/perfrun1/plugins/pluginsdk/src/device_mapper.cpp:590
155 [140520460138240] WARN perfrun.sdk <> - SEP driver is not available, at file: vcs/perfrun1/plugins/pluginsdk/src/device_mapper.cpp:745
155 [140520460138240] WARN perfrun.sdk <> - amplxe-perf tool is not available, at file: vcs/perfrun1/plugins/pluginsdk/src/device_mapper.cpp:606
155 [140520460138240] WARN perfrun.sdk <> - Device mapping through perf is not available on current kernel, at file: vcs/perfrun1/plugins/pluginsdk/src/device_mapper.cpp:943
160 [140520460138240] WARN perfrun.sdk <> - SEP tool is not available, at file: vcs/perfrun1/plugins/pluginsdk/src/device_mapper.cpp:590
160 [140520460138240] WARN perfrun.sdk <> - SEP driver is not available, at file: vcs/perfrun1/plugins/pluginsdk/src/device_mapper.cpp:745
160 [140520460138240] WARN perfrun.sdk <> - Failed to find xl binary on any of the system paths: /bin, /sbin, /usr/bin, /usr/sbin., at file: vcs/perfrun1/sdk/src/utils.cpp:204
164 [140520460138240] INFO perfrun.vdso <> - Helper runtool '/opt/intel/oneapi/advisor/2023.0.0/bin32/advixe-runss -dump-vdso -r /home/user2/project/project/advisorMPIReport/e000/hs000 --tmp-dir /tmp/advixe-tmp-user2' returned 1
319 [140520460138240] INFO perfrun.vdso <> - Helper runtool '/opt/intel/oneapi/advisor/2023.0.0/bin64/advixe-runss -dump-vdso -r /home/user2/project/project/advisorMPIReport/e000/hs000 --tmp-dir /tmp/advixe-tmp-user2' returned 0
319 [140520460138240] INFO perfrun.itt <> - start itt controller for pid #105142
320 [140520460138240] INFO perfrun.tpss <> - start tpss controller for pid #105142
370 [140520585041856] INFO perfrun.launcher <> - Launcher: all plugins were started
371 [140520585041856] INFO perfrun.launcher <> - DirectoryMonitor object was created
371 [140520585041856] INFO perfrun.launcher <> - DirectoryMonitor: a callback was added
371 [140520585041856] INFO perfrun.launcher <> - DirectoryMonitor was started with pingTime = 1000
371 [140520585041856] INFO perfrun.launcher <> - DeadlineTimer is going to be constructed
371 [140520585041856] INFO perfrun.launcher <> - DeadlineTimer: a callback was added
382 [140520585041856] INFO perfrun.launcher <> - Launcher: resume the profiled application and  wait its termination or stop command
4807 [140520585041856] INFO perfrun.launcher <> - Launcher: the profiled application was terminated  with exit code = 0
4807 [140520585041856] INFO perfrun.launcher <> - Messenger::say: Profiling of the target process finished but the following child processes are still being profiled:
PPID PID STATE NAME
1 105173 RESUME orted

To stop the collection, you may press CTRL-C. The processes listed above will be terminated.

5324 [140520460138240] INFO perfrun.itt <> - detach itt controller
5324 [140520460138240] INFO perfrun.itt <> - detach itt controller done
5324 [140520460138240] INFO perfrun.tpss <> - stop tpss controller
5325 [140520460138240] INFO perfrun.sdk <> - De-allocating TMU: /home/user2/project/project/advisorMPIReport/e000/hs000/data.0/systemcollector-105137-shavak.sc
5325 [140520460138240] INFO perfrun.system <> - closed the system trace file: /home/user2/project/project/advisorMPIReport/e000/hs000/data.0/systemcollector-105137-shavak.sc
5325 [140520585041856] INFO perfrun.launcher <> - Launcher: all plugins were stopped.
5325 [140520585041856] INFO perfrun.launcher <> - DeadlineTimer is going to be destroyed
5326 [140520585041856] INFO perfrun.launcher <> - DeadlineTimer was destroyed
5326 [140520585041856] INFO perfrun.launcher <> - DirectoryMonitor object was destroyed
5326 [140520585041856] WARN perfrun.launcher <> - Stop command is ignored because it is received when collection is already stopped, at file: vcs/perfrun1/launcher/src/command_handler.cpp:226
5327 [140520585041856] INFO perfrun.launcher <> - Application exit code: 0
5327 [140520585041856] INFO perfrun.launcher <> - Exit code: 0
