11 [139708947060672] INFO perfrun.launcher <> - Launcher main begin
12 [139708947060672] INFO perfrun.launcher <> - MessageCatalogInit finished
12 [139708947060672] INFO perfrun.launcher <> - Launcher instance created
12 [139708947060672] INFO perfrun.launcher <> - argc = 6; cmdline = /opt/intel/oneapi/advisor/2023.0.0/bin64/advixe-runss -dump-vdso -r /home/user2/project/project/advisorMPIReport/e000/hs000 --tmp-dir /tmp/advixe-tmp-user2 
83 [139708947060672] INFO perfrun.launcher <> - create msngr2::ICliToolContext
83 [139708947060672] INFO perfrun.launcher <> - create file finder object
97 [139708822157056] INFO perfrun.launcher <> - plugin [remoteplug] was disabled because it doesn't support the given collection type.
97 [139708822157056] INFO perfrun.launcher <> - plugin [system] was disabled because it doesn't support the given collection type.
97 [139708822157056] INFO perfrun.vdso <> - dumping [vdso] pseudomodule
113 [139708822157056] INFO perfrun.launcher <> - plugin [itt] was disabled because it doesn't support the given collection type.
113 [139708822157056] INFO perfrun.launcher <> - plugin [] was disabled because it doesn't support the given collection type.
113 [139708822157056] INFO perfrun.launcher <> - plugin [gpu] was disabled because it doesn't support the given collection type.
113 [139708822157056] INFO perfrun.launcher <> - plugin [] was disabled because it doesn't support the given collection type.
113 [139708822157056] INFO perfrun.launcher <> - plugin [] was disabled because it doesn't support the given collection type.
113 [139708822157056] INFO perfrun.launcher <> - plugin [] was disabled because it doesn't support the given collection type.
113 [139708822157056] INFO perfrun.launcher <> - plugin [mrte] was disabled because it doesn't support the given collection type.
113 [139708822157056] INFO perfrun.launcher <> - plugin [] was disabled because it doesn't support the given collection type.
113 [139708822157056] INFO perfrun.launcher <> - plugin [] was disabled because it doesn't support the given collection type.
113 [139708822157056] INFO perfrun.launcher <> - plugin [] was disabled because it doesn't support the given collection type.
113 [139708822157056] INFO perfrun.launcher <> - plugin [] was disabled because it doesn't support the given collection type.
113 [139708822157056] INFO perfrun.launcher <> - plugin [] was disabled because it doesn't support the given collection type.
113 [139708822157056] INFO perfrun.launcher <> - plugin [] was disabled because it doesn't support the given collection type.
113 [139708822157056] INFO perfrun.launcher <> - plugin [] was disabled because it doesn't support the given collection type.
113 [139708822157056] INFO perfrun.launcher <> - plugin [tpss] was disabled because it doesn't support the given collection type.
113 [139708822157056] INFO perfrun.launcher <> - plugin [] was disabled because it doesn't support the given collection type.
114 [139708822157056] INFO perfrun.launcher <> - plugin [] was disabled because it doesn't support the given collection type.
114 [139708822157056] INFO perfrun.launcher <> - plugin [] was disabled because it doesn't support the given collection type.
114 [139708822157056] INFO perfrun.launcher <> - plugin [] was disabled because it doesn't support the given collection type.
114 [139708822157056] INFO perfrun.launcher <> - plugin [] was disabled because it doesn't support the given collection type.
114 [139708822157056] INFO perfrun.launcher <> - plugin [] was disabled because it doesn't support the given collection type.
114 [139708822157056] INFO perfrun.launcher <> - plugin [] was disabled because it doesn't support the given collection type.
114 [139708822157056] INFO perfrun.launcher <> - plugin [] was disabled because it doesn't support the given collection type.
114 [139708822157056] INFO perfrun.launcher <> - plugin [] was disabled because it doesn't support the given collection type.
114 [139708947060672] INFO perfrun.launcher <> - Application exit code: 0
114 [139708947060672] INFO perfrun.launcher <> - Exit code: 0
