<?xml version="1.0" encoding="utf-8"?>
<log version="1.0" tool="runtool">

<msg id="1" tool="runtool">
  <type>log-start</type>
  <arg>2024/08/16 00:36:18</arg>
</msg>
<msg id="2" tool="runtool">
  <type>bandwidth-measurement-starts</type>
</msg>
<msg id="3" tool="runtool">
  <type>bandwidth-measurement-done</type>
</msg>
<msg id="4" tool="runtool">
  <type>collector-starts</type>
</msg>
<msg id="5" tool="runtool">
  <type>marker-file</type>
  <arg>/home/user2/project/project/advisorReport/e000/trc000/trc000.advixe</arg>
</msg>
<msg id="6" tool="trc">
  <type>PROCESS_START</type>
  <arg>/home/user2/project/project/barrier</arg>
  <arg>113032</arg>
  <severity>INFO</severity>
  <timestamp>Thu Aug 15 17:06:33 2024</timestamp>
</msg>
<msg id="7" tool="trc">
  <type>PROCESS_ANALYSIS_MODE</type>
  <arg>full</arg>
  <severity>INFO</severity>
  <timestamp>Thu Aug 15 17:06:33 2024</timestamp>
</msg>
<msg id="8" tool="trc">
  <type>LOAD_MODULE</type>
  <arg>/home/user2/project/project/barrier</arg>
  <arg>0x400000</arg>
  <arg>0x607a0f</arg>
  <arg>yes</arg>
  <severity>INFO</severity>
  <timestamp>Thu Aug 15 17:06:33 2024</timestamp>
</msg>
<msg id="9" tool="trc">
  <type>LOAD_MODULE</type>
  <arg>/lib64/ld-linux-x86-64.so.2</arg>
  <arg>0x7fd76b669000</arg>
  <arg>0x7fd76b88c14f</arg>
  <arg>yes</arg>
  <severity>INFO</severity>
  <timestamp>Thu Aug 15 17:06:33 2024</timestamp>
</msg>
<msg id="10" tool="trc">
  <type>LOAD_MODULE</type>
  <arg>[vdso]</arg>
  <arg>0x7ffe6a142000</arg>
  <arg>0x7ffe6a142e6c</arg>
  <arg>no</arg>
  <severity>INFO</severity>
  <timestamp>Thu Aug 15 17:06:33 2024</timestamp>
</msg>
<msg id="11" tool="trc">
  <type>LOAD_MODULE</type>
  <arg>/home/apps/spack/opt/spack/linux-centos7-haswell/gcc-4.8.5/gcc-11.2.0-yqde46ks5t2vg2szmjvadwjv6uwmmytl/lib64/libstdc++.so.6</arg>
  <arg>0x7fd75555c000</arg>
  <arg>0x7fd75596293f</arg>
  <arg>yes</arg>
  <severity>INFO</severity>
  <timestamp>Thu Aug 15 17:06:33 2024</timestamp>
</msg>
<msg id="12" tool="trc">
  <type>LOAD_MODULE</type>
  <arg>/lib64/libm.so.6</arg>
  <arg>0x7fd75508a000</arg>
  <arg>0x7fd75538b137</arg>
  <arg>yes</arg>
  <severity>INFO</severity>
  <timestamp>Thu Aug 15 17:06:33 2024</timestamp>
</msg>
<msg id="13" tool="trc">
  <type>LOAD_MODULE</type>
  <arg>/home/apps/spack/opt/spack/linux-centos7-haswell/gcc-4.8.5/gcc-11.2.0-yqde46ks5t2vg2szmjvadwjv6uwmmytl/lib64/libgcc_s.so.1</arg>
  <arg>0x7fd754e72000</arg>
  <arg>0x7fd755089447</arg>
  <arg>yes</arg>
  <severity>INFO</severity>
  <timestamp>Thu Aug 15 17:06:33 2024</timestamp>
</msg>
<msg id="14" tool="trc">
  <type>LOAD_MODULE</type>
  <arg>/lib64/libc.so.6</arg>
  <arg>0x7fd754aa4000</arg>
  <arg>0x7fd754e711ff</arg>
  <arg>yes</arg>
  <severity>INFO</severity>
  <timestamp>Thu Aug 15 17:06:33 2024</timestamp>
</msg>
<msg id="15" tool="trc">
  <type>UNLOAD_MODULE</type>
  <arg>/home/user2/project/project/barrier</arg>
  <severity>INFO</severity>
  <timestamp>Thu Aug 15 17:20:59 2024</timestamp>
</msg>
<msg id="16" tool="trc">
  <type>UNLOAD_MODULE</type>
  <arg>/lib64/ld-linux-x86-64.so.2</arg>
  <severity>INFO</severity>
  <timestamp>Thu Aug 15 17:20:59 2024</timestamp>
</msg>
<msg id="17" tool="trc">
  <type>UNLOAD_MODULE</type>
  <arg>[vdso]</arg>
  <severity>INFO</severity>
  <timestamp>Thu Aug 15 17:20:59 2024</timestamp>
</msg>
<msg id="18" tool="trc">
  <type>UNLOAD_MODULE</type>
  <arg>/home/apps/spack/opt/spack/linux-centos7-haswell/gcc-4.8.5/gcc-11.2.0-yqde46ks5t2vg2szmjvadwjv6uwmmytl/lib64/libstdc++.so.6</arg>
  <severity>INFO</severity>
  <timestamp>Thu Aug 15 17:20:59 2024</timestamp>
</msg>
<msg id="19" tool="trc">
  <type>UNLOAD_MODULE</type>
  <arg>/lib64/libm.so.6</arg>
  <severity>INFO</severity>
  <timestamp>Thu Aug 15 17:20:59 2024</timestamp>
</msg>
<msg id="20" tool="trc">
  <type>UNLOAD_MODULE</type>
  <arg>/home/apps/spack/opt/spack/linux-centos7-haswell/gcc-4.8.5/gcc-11.2.0-yqde46ks5t2vg2szmjvadwjv6uwmmytl/lib64/libgcc_s.so.1</arg>
  <severity>INFO</severity>
  <timestamp>Thu Aug 15 17:20:59 2024</timestamp>
</msg>
<msg id="21" tool="trc">
  <type>UNLOAD_MODULE</type>
  <arg>/lib64/libc.so.6</arg>
  <severity>INFO</severity>
  <timestamp>Thu Aug 15 17:20:59 2024</timestamp>
</msg>
<msg id="22" tool="trc">
  <type>PROCESS_FINISH</type>
  <arg>/home/user2/project/project/barrier</arg>
  <arg>113032</arg>
  <arg>0x0</arg>
  <severity>INFO</severity>
  <timestamp>Thu Aug 15 17:20:59 2024</timestamp>
</msg>
<msg id="23" tool="runtool">
  <type>app-exit-code</type>
  <arg>0</arg>
</msg>
<msg id="24" tool="runtool">
  <type>marker-file</type>
  <arg>/home/user2/project/project/advisorReport/e000/trc000/trc000.advixe</arg>
</msg>
<msg id="25" tool="runtool">
  <type>collector-done</type>
</msg>
<msg id="26" tool="runtool">
  <type>log-end</type>
  <arg>2024/08/16 00:51:03</arg>
</msg>

</log>

