<?xml version="1.0" encoding="utf-8" ?>
<!-- DO NOT EDIT THIS FILE -->

<log version='2.0' source='trc'>
	<msg id='1' display='false' source='trc'>
		<type>PROCESS_START</type>
		<severity>INFO</severity>
		<timestamp>Thu Aug 15 17:06:33 2024</timestamp>
		<arg name='process'>/home/user2/project/project/barrier</arg>
		<arg name='pid'>113032</arg>
	</msg>
	<!-- Instrumentation filter's state:
    Patterns applicability:
        Generic loop pattern.....................: enabled
        Generic loop pattern (with dynamic jumps): enabled
        Known trip value loop pattern............: enabled
        Runtime final value loop pattern.........: enabled
        No initial IV loop pattern...............: enabled
        IV step only loop pattern................: enabled
        No entry loop pattern....................: enabled
    Clustered memory model (CMM) applicability:
        Generic loop pattern.....................: enabled
        Generic loop pattern (with dynamic jumps): enabled
        Known trip value loop pattern............: enabled
        Runtime final value loop pattern.........: enabled
        No initial IV loop pattern...............: enabled
        IV step only loop pattern................: enabled
        No entry loop pattern....................: disabled
 -->
	<!-- Callstack mode:
    filter modules.........: true
    filter routines........: true
    count loops............: true
    count flops............: true
    trace..................: false
    extended trace.........: false
    omp trace..............: false
    jit trace..............: false
    failures trace.........: false
    dump raw...............: false
    dump final.............: false
    dump all...............: false
    stack stitching........: true
    stl profiling..........: true
    aggressive frame switch: true
    unwind frame exit......: true
    analyze child loops....: true
 -->
	<!-- Managed application profiling: -->
	<!-- 	State...................: enabled -->
	<!-- Gpu Profiling: -->
	<!-- 	State: disabled -->
	<!-- Creating caches according to description: 6:64w:4k/1:480w:3840k/1:16w:12m -->
	<!-- Created cache simulator with the following features: empty feature, random set sampler, generic random set mapper, bb attribution, default tag, empty feature with size 12582912, associativity 16, and sampling 0.100000 -->
	<!-- Created cache simulator with the following features: set locker, random set sampler, fast random set mapper, bb attribution, default tag, empty feature with size 3932160, associativity 480, and sampling 0.100000 -->
	<!-- Created cache simulator with the following features: empty feature, empty feature, fast trivial set mapper, bb attribution, default tag, empty feature with size 4096, associativity 64, and sampling 1.000000 -->
	<!-- Created cache simulator with the following features: empty feature, empty feature, fast trivial set mapper, bb attribution, default tag, empty feature with size 4096, associativity 64, and sampling 1.000000 -->
	<!-- Created cache simulator with the following features: empty feature, empty feature, fast trivial set mapper, bb attribution, default tag, empty feature with size 4096, associativity 64, and sampling 1.000000 -->
	<!-- Created cache simulator with the following features: empty feature, empty feature, fast trivial set mapper, bb attribution, default tag, empty feature with size 4096, associativity 64, and sampling 1.000000 -->
	<!-- Created cache simulator with the following features: empty feature, empty feature, fast trivial set mapper, bb attribution, default tag, empty feature with size 4096, associativity 64, and sampling 1.000000 -->
	<!-- Created cache simulator with the following features: empty feature, empty feature, fast trivial set mapper, bb attribution, default tag, empty feature with size 4096, associativity 64, and sampling 1.000000 -->
	<!-- Cache hierarchy created. Status=success -->
	<msg id='2' display='false' source='trc'>
		<type>PROCESS_ANALYSIS_MODE</type>
		<severity>INFO</severity>
		<timestamp>Thu Aug 15 17:06:33 2024</timestamp>
		<arg name='mode'>full</arg>
	</msg>
	<!-- Update image info for [1:0x400000:YN] /home/user2/project/project/barrier -->
	<msg id='3' display='false' source='trc'>
		<type>LOAD_MODULE</type>
		<severity>INFO</severity>
		<timestamp>Thu Aug 15 17:06:33 2024</timestamp>
		<arg name='module'>/home/user2/project/project/barrier</arg>
		<arg name='basement'>0x400000</arg>
		<arg name='ceiling'>0x607a0f</arg>
		<arg name='symtab'>yes</arg>
	</msg>
	<!-- Instrumenting image: id = 1, name = /home/user2/project/project/barrier -->
	<!-- Instrumenting loops in routine "monteCarloSimulation" -->
	<!-- Instrumenting loops in routine "main" -->
	<!-- Instrumenting loops in routine "std::normal_distribution<float>::operator()<std::mersenne_twister_engine<unsigned long, 32ul, 624ul, 397ul, 31ul, 2567483615ul, 11ul, 4294967295ul, 7ul, 2636928640ul, 15ul, 4022730752ul, 18ul, 1812433253ul> >" -->
	<!-- Instrumenting loops in routine "std::generate_canonical<float, 24ul, std::mersenne_twister_engine<unsigned long, 32ul, 624ul, 397ul, 31ul, 2567483615ul, 11ul, 4294967295ul, 7ul, 2636928640ul, 15ul, 4022730752ul, 18ul, 1812433253ul> >" -->
	<!-- Instrumenting loops in routine "std::mersenne_twister_engine<unsigned long, 32ul, 624ul, 397ul, 31ul, 2567483615ul, 11ul, 4294967295ul, 7ul, 2636928640ul, 15ul, 4022730752ul, 18ul, 1812433253ul>::_M_gen_rand" -->
	<!-- Update image info for [2:0x7FD76B669000:YN] /lib64/ld-linux-x86-64.so.2 -->
	<msg id='4' display='false' source='trc'>
		<type>LOAD_MODULE</type>
		<severity>INFO</severity>
		<timestamp>Thu Aug 15 17:06:33 2024</timestamp>
		<arg name='module'>/lib64/ld-linux-x86-64.so.2</arg>
		<arg name='basement'>0x7fd76b669000</arg>
		<arg name='ceiling'>0x7fd76b88c14f</arg>
		<arg name='symtab'>yes</arg>
	</msg>
	<!-- Instrumentation of /lib64/ld-linux-x86-64.so.2 image skipped because of filter conditions [cs-mode]. -->
	<!-- Update image info for [3:0x7FFE6A142000:NN] [vdso] -->
	<msg id='5' display='false' source='trc'>
		<type>LOAD_MODULE</type>
		<severity>INFO</severity>
		<timestamp>Thu Aug 15 17:06:33 2024</timestamp>
		<arg name='module'>[vdso]</arg>
		<arg name='basement'>0x7ffe6a142000</arg>
		<arg name='ceiling'>0x7ffe6a142e6c</arg>
		<arg name='symtab'>no</arg>
	</msg>
	<!-- Instrumentation of [vdso] image skipped because of filter conditions [cs-mode]. -->
	<!-- Update image info for [4:0x7FD75555C000:YN] /home/apps/spack/opt/spack/linux-centos7-haswell/gcc-4.8.5/gcc-11.2.0-yqde46ks5t2vg2szmjvadwjv6uwmmytl/lib64/libstdc++.so.6 -->
	<msg id='6' display='false' source='trc'>
		<type>LOAD_MODULE</type>
		<severity>INFO</severity>
		<timestamp>Thu Aug 15 17:06:33 2024</timestamp>
		<arg name='module'>/home/apps/spack/opt/spack/linux-centos7-haswell/gcc-4.8.5/gcc-11.2.0-yqde46ks5t2vg2szmjvadwjv6uwmmytl/lib64/libstdc++.so.6</arg>
		<arg name='basement'>0x7fd75555c000</arg>
		<arg name='ceiling'>0x7fd75596293f</arg>
		<arg name='symtab'>yes</arg>
	</msg>
	<!-- Instrumentation of /home/apps/spack/opt/spack/linux-centos7-haswell/gcc-4.8.5/gcc-11.2.0-yqde46ks5t2vg2szmjvadwjv6uwmmytl/lib64/libstdc++.so.6 image skipped because of filter conditions [cs-mode]. -->
	<!-- Update image info for [5:0x7FD75508A000:YN] /lib64/libm.so.6 -->
	<msg id='7' display='false' source='trc'>
		<type>LOAD_MODULE</type>
		<severity>INFO</severity>
		<timestamp>Thu Aug 15 17:06:33 2024</timestamp>
		<arg name='module'>/lib64/libm.so.6</arg>
		<arg name='basement'>0x7fd75508a000</arg>
		<arg name='ceiling'>0x7fd75538b137</arg>
		<arg name='symtab'>yes</arg>
	</msg>
	<!-- Instrumentation of /lib64/libm.so.6 image skipped because of filter conditions [cs-mode]. -->
	<!-- Update image info for [6:0x7FD754E72000:YN] /home/apps/spack/opt/spack/linux-centos7-haswell/gcc-4.8.5/gcc-11.2.0-yqde46ks5t2vg2szmjvadwjv6uwmmytl/lib64/libgcc_s.so.1 -->
	<msg id='8' display='false' source='trc'>
		<type>LOAD_MODULE</type>
		<severity>INFO</severity>
		<timestamp>Thu Aug 15 17:06:33 2024</timestamp>
		<arg name='module'>/home/apps/spack/opt/spack/linux-centos7-haswell/gcc-4.8.5/gcc-11.2.0-yqde46ks5t2vg2szmjvadwjv6uwmmytl/lib64/libgcc_s.so.1</arg>
		<arg name='basement'>0x7fd754e72000</arg>
		<arg name='ceiling'>0x7fd755089447</arg>
		<arg name='symtab'>yes</arg>
	</msg>
	<!-- Instrumentation of /home/apps/spack/opt/spack/linux-centos7-haswell/gcc-4.8.5/gcc-11.2.0-yqde46ks5t2vg2szmjvadwjv6uwmmytl/lib64/libgcc_s.so.1 image skipped because of filter conditions [cs-mode]. -->
	<!-- Update image info for [7:0x7FD754AA4000:YN] /lib64/libc.so.6 -->
	<msg id='9' display='false' source='trc'>
		<type>LOAD_MODULE</type>
		<severity>INFO</severity>
		<timestamp>Thu Aug 15 17:06:33 2024</timestamp>
		<arg name='module'>/lib64/libc.so.6</arg>
		<arg name='basement'>0x7fd754aa4000</arg>
		<arg name='ceiling'>0x7fd754e711ff</arg>
		<arg name='symtab'>yes</arg>
	</msg>
	<!-- Instrumentation of /lib64/libc.so.6 image skipped because of filter conditions. -->
	<msg id='10' display='false' source='trc'>
		<type>UNLOAD_MODULE</type>
		<severity>INFO</severity>
		<timestamp>Thu Aug 15 17:20:59 2024</timestamp>
		<arg name='module'>/home/user2/project/project/barrier</arg>
	</msg>
	<msg id='11' display='false' source='trc'>
		<type>UNLOAD_MODULE</type>
		<severity>INFO</severity>
		<timestamp>Thu Aug 15 17:20:59 2024</timestamp>
		<arg name='module'>/lib64/ld-linux-x86-64.so.2</arg>
	</msg>
	<msg id='12' display='false' source='trc'>
		<type>UNLOAD_MODULE</type>
		<severity>INFO</severity>
		<timestamp>Thu Aug 15 17:20:59 2024</timestamp>
		<arg name='module'>[vdso]</arg>
	</msg>
	<msg id='13' display='false' source='trc'>
		<type>UNLOAD_MODULE</type>
		<severity>INFO</severity>
		<timestamp>Thu Aug 15 17:20:59 2024</timestamp>
		<arg name='module'>/home/apps/spack/opt/spack/linux-centos7-haswell/gcc-4.8.5/gcc-11.2.0-yqde46ks5t2vg2szmjvadwjv6uwmmytl/lib64/libstdc++.so.6</arg>
	</msg>
	<msg id='14' display='false' source='trc'>
		<type>UNLOAD_MODULE</type>
		<severity>INFO</severity>
		<timestamp>Thu Aug 15 17:20:59 2024</timestamp>
		<arg name='module'>/lib64/libm.so.6</arg>
	</msg>
	<msg id='15' display='false' source='trc'>
		<type>UNLOAD_MODULE</type>
		<severity>INFO</severity>
		<timestamp>Thu Aug 15 17:20:59 2024</timestamp>
		<arg name='module'>/home/apps/spack/opt/spack/linux-centos7-haswell/gcc-4.8.5/gcc-11.2.0-yqde46ks5t2vg2szmjvadwjv6uwmmytl/lib64/libgcc_s.so.1</arg>
	</msg>
	<msg id='16' display='false' source='trc'>
		<type>UNLOAD_MODULE</type>
		<severity>INFO</severity>
		<timestamp>Thu Aug 15 17:20:59 2024</timestamp>
		<arg name='module'>/lib64/libc.so.6</arg>
	</msg>
	<msg id='17' display='false' source='trc'>
		<type>PROCESS_FINISH</type>
		<severity>INFO</severity>
		<timestamp>Thu Aug 15 17:20:59 2024</timestamp>
		<arg name='process'>/home/user2/project/project/barrier</arg>
		<arg name='pid'>113032</arg>
		<arg name='exitcode'>0x0</arg>
	</msg>
	<!-- Application exited with code 0 -->
</log>