<?xml version="1.0" encoding="utf-8"?>
<log version="1.0" tool="runtool">

<msg id="1" tool="runtool">
  <type>log-start</type>
  <arg>2024/08/16 00:21:37</arg>
</msg>
<msg id="2" tool="runtool">
  <type>bandwidth-measurement-starts</type>
</msg>
<msg id="3" tool="runtool">
  <type>bandwidth-measurement-done</type>
</msg>
<msg id="4" tool="runtool">
  <type>collector-starts</type>
</msg>
<msg id="5" tool="runtool">
  <type>marker-file</type>
  <arg>/home/user2/project/project/advisorMPIReport/e000/trc000/trc000.advixe</arg>
</msg>
<msg id="6" tool="trc">
  <type>PROCESS_START</type>
  <arg>/home/user2/project/project/option_pricing_openmpi</arg>
  <arg>105994</arg>
  <severity>INFO</severity>
  <timestamp>Thu Aug 15 16:51:51 2024</timestamp>
</msg>
<msg id="7" tool="trc">
  <type>PROCESS_ANALYSIS_MODE</type>
  <arg>full</arg>
  <severity>INFO</severity>
  <timestamp>Thu Aug 15 16:51:51 2024</timestamp>
</msg>
<msg id="8" tool="trc">
  <type>LOAD_MODULE</type>
  <arg>/home/user2/project/project/option_pricing_openmpi</arg>
  <arg>0x400000</arg>
  <arg>0x604617</arg>
  <arg>yes</arg>
  <severity>INFO</severity>
  <timestamp>Thu Aug 15 16:51:51 2024</timestamp>
</msg>
<msg id="9" tool="trc">
  <type>LOAD_MODULE</type>
  <arg>/lib64/ld-linux-x86-64.so.2</arg>
  <arg>0x7fe1834c6000</arg>
  <arg>0x7fe1836e914f</arg>
  <arg>yes</arg>
  <severity>INFO</severity>
  <timestamp>Thu Aug 15 16:51:51 2024</timestamp>
</msg>
<msg id="10" tool="trc">
  <type>LOAD_MODULE</type>
  <arg>[vdso]</arg>
  <arg>0x7fff38ec2000</arg>
  <arg>0x7fff38ec2e6c</arg>
  <arg>no</arg>
  <severity>INFO</severity>
  <timestamp>Thu Aug 15 16:51:51 2024</timestamp>
</msg>
<msg id="11" tool="trc">
  <type>LOAD_MODULE</type>
  <arg>/home/apps/spack/opt/spack/linux-centos7-cascadelake/gcc-11.2.0/openmpi-4.1.1-ng5onpe6lgk5uw65blmf7656dtucqoi3/lib/libmpi.so.40</arg>
  <arg>0x7fe16d32a000</arg>
  <arg>0x7fe16d814197</arg>
  <arg>yes</arg>
  <severity>INFO</severity>
  <timestamp>Thu Aug 15 16:51:52 2024</timestamp>
</msg>
<msg id="12" tool="trc">
  <type>LOAD_MODULE</type>
  <arg>/home/apps/spack/opt/spack/linux-centos7-haswell/gcc-4.8.5/gcc-11.2.0-yqde46ks5t2vg2szmjvadwjv6uwmmytl/lib64/libstdc++.so.6</arg>
  <arg>0x7fe16ce9d000</arg>
  <arg>0x7fe16d2a393f</arg>
  <arg>yes</arg>
  <severity>INFO</severity>
  <timestamp>Thu Aug 15 16:51:52 2024</timestamp>
</msg>
<msg id="13" tool="trc">
  <type>LOAD_MODULE</type>
  <arg>/lib64/libm.so.6</arg>
  <arg>0x7fe16ca45000</arg>
  <arg>0x7fe16cd46137</arg>
  <arg>yes</arg>
  <severity>INFO</severity>
  <timestamp>Thu Aug 15 16:51:52 2024</timestamp>
</msg>
<msg id="14" tool="trc">
  <type>LOAD_MODULE</type>
  <arg>/home/apps/spack/opt/spack/linux-centos7-haswell/gcc-4.8.5/gcc-11.2.0-yqde46ks5t2vg2szmjvadwjv6uwmmytl/lib64/libgcc_s.so.1</arg>
  <arg>0x7fe16c828000</arg>
  <arg>0x7fe16ca3f447</arg>
  <arg>yes</arg>
  <severity>INFO</severity>
  <timestamp>Thu Aug 15 16:51:52 2024</timestamp>
</msg>
<msg id="15" tool="trc">
  <type>LOAD_MODULE</type>
  <arg>/lib64/libpthread.so.0</arg>
  <arg>0x7fe16c60c000</arg>
  <arg>0x7fe16c827487</arg>
  <arg>yes</arg>
  <severity>INFO</severity>
  <timestamp>Thu Aug 15 16:51:52 2024</timestamp>
</msg>
<msg id="16" tool="trc">
  <type>LOAD_MODULE</type>
  <arg>/lib64/libc.so.6</arg>
  <arg>0x7fe16c23e000</arg>
  <arg>0x7fe16c60b1ff</arg>
  <arg>yes</arg>
  <severity>INFO</severity>
  <timestamp>Thu Aug 15 16:51:52 2024</timestamp>
</msg>
<msg id="17" tool="trc">
  <type>LOAD_MODULE</type>
  <arg>/home/apps/spack/opt/spack/linux-centos7-cascadelake/gcc-11.2.0/openmpi-4.1.1-ng5onpe6lgk5uw65blmf7656dtucqoi3/lib/libopen-rte.so.40</arg>
  <arg>0x7fe16bea0000</arg>
  <arg>0x7fe16c1bdf87</arg>
  <arg>yes</arg>
  <severity>INFO</severity>
  <timestamp>Thu Aug 15 16:51:53 2024</timestamp>
</msg>
<msg id="18" tool="trc">
  <type>LOAD_MODULE</type>
  <arg>/home/apps/spack/opt/spack/linux-centos7-cascadelake/gcc-11.2.0/openmpi-4.1.1-ng5onpe6lgk5uw65blmf7656dtucqoi3/lib/libopen-orted-mpir.so</arg>
  <arg>0x7fe16bc9d000</arg>
  <arg>0x7fe16be9f8af</arg>
  <arg>yes</arg>
  <severity>INFO</severity>
  <timestamp>Thu Aug 15 16:51:53 2024</timestamp>
</msg>
<msg id="19" tool="trc">
  <type>LOAD_MODULE</type>
  <arg>/home/apps/spack/opt/spack/linux-centos7-cascadelake/gcc-11.2.0/openmpi-4.1.1-ng5onpe6lgk5uw65blmf7656dtucqoi3/lib/libopen-pal.so.40</arg>
  <arg>0x7fe16b80b000</arg>
  <arg>0x7fe16bc9c1d7</arg>
  <arg>yes</arg>
  <severity>INFO</severity>
  <timestamp>Thu Aug 15 16:51:53 2024</timestamp>
</msg>
<msg id="20" tool="trc">
  <type>LOAD_MODULE</type>
  <arg>/lib64/librdmacm.so.1</arg>
  <arg>0x7fe16b5e3000</arg>
  <arg>0x7fe16b7f9267</arg>
  <arg>no</arg>
  <severity>INFO</severity>
  <timestamp>Thu Aug 15 16:51:54 2024</timestamp>
</msg>
<msg id="21" tool="trc">
  <type>LOAD_MODULE</type>
  <arg>/lib64/libibverbs.so.1</arg>
  <arg>0x7fe16b3ca000</arg>
  <arg>0x7fe16b5e266f</arg>
  <arg>no</arg>
  <severity>INFO</severity>
  <timestamp>Thu Aug 15 16:51:54 2024</timestamp>
</msg>
<msg id="22" tool="trc">
  <type>LOAD_MODULE</type>
  <arg>/lib64/libdl.so.2</arg>
  <arg>0x7fe16b1c6000</arg>
  <arg>0x7fe16b3c912f</arg>
  <arg>yes</arg>
  <severity>INFO</severity>
  <timestamp>Thu Aug 15 16:51:54 2024</timestamp>
</msg>
<msg id="23" tool="trc">
  <type>LOAD_MODULE</type>
  <arg>/lib64/librt.so.1</arg>
  <arg>0x7fe16afbe000</arg>
  <arg>0x7fe16b1c5c37</arg>
  <arg>yes</arg>
  <severity>INFO</severity>
  <timestamp>Thu Aug 15 16:51:54 2024</timestamp>
</msg>
<msg id="24" tool="trc">
  <type>LOAD_MODULE</type>
  <arg>/lib64/libutil.so.1</arg>
  <arg>0x7fe16adbb000</arg>
  <arg>0x7fe16afbd10f</arg>
  <arg>yes</arg>
  <severity>INFO</severity>
  <timestamp>Thu Aug 15 16:51:54 2024</timestamp>
</msg>
<msg id="25" tool="trc">
  <type>LOAD_MODULE</type>
  <arg>/home/apps/spack/opt/spack/linux-centos7-cascadelake/gcc-11.2.0/zlib-1.2.11-2r3jtjxvltasn7jh64vhgfg6ikrckiy7/lib/libz.so.1</arg>
  <arg>0x7fe16aba4000</arg>
  <arg>0x7fe16adba18f</arg>
  <arg>yes</arg>
  <severity>INFO</severity>
  <timestamp>Thu Aug 15 16:51:54 2024</timestamp>
</msg>
<msg id="26" tool="trc">
  <type>LOAD_MODULE</type>
  <arg>/home/apps/spack/opt/spack/linux-centos7-cascadelake/gcc-11.2.0/hwloc-2.6.0-rsbdipafg2udtzjjkohyqkzl6gjubakg/lib/libhwloc.so.15</arg>
  <arg>0x7fe16a949000</arg>
  <arg>0x7fe16aba3a77</arg>
  <arg>yes</arg>
  <severity>INFO</severity>
  <timestamp>Thu Aug 15 16:51:54 2024</timestamp>
</msg>
<msg id="27" tool="trc">
  <type>LOAD_MODULE</type>
  <arg>/home/apps/spack/opt/spack/linux-centos7-cascadelake/gcc-11.2.0/libevent-2.1.12-g3uxob6tamxinfaysf4ttc3nx5pjzb4h/lib/libevent_core-2.1.so.7</arg>
  <arg>0x7fe16a714000</arg>
  <arg>0x7fe16a948117</arg>
  <arg>yes</arg>
  <severity>INFO</severity>
  <timestamp>Thu Aug 15 16:51:54 2024</timestamp>
</msg>
<msg id="28" tool="trc">
  <type>LOAD_MODULE</type>
  <arg>/home/apps/spack/opt/spack/linux-centos7-cascadelake/gcc-11.2.0/libevent-2.1.12-g3uxob6tamxinfaysf4ttc3nx5pjzb4h/lib/libevent_pthreads-2.1.so.7</arg>
  <arg>0x7fe16a511000</arg>
  <arg>0x7fe16a7130d7</arg>
  <arg>yes</arg>
  <severity>INFO</severity>
  <timestamp>Thu Aug 15 16:51:54 2024</timestamp>
</msg>
<msg id="29" tool="trc">
  <type>LOAD_MODULE</type>
  <arg>/lib64/libnl-route-3.so.200</arg>
  <arg>0x7fe16a283000</arg>
  <arg>0x7fe16a4ef5bf</arg>
  <arg>no</arg>
  <severity>INFO</severity>
  <timestamp>Thu Aug 15 16:51:54 2024</timestamp>
</msg>
<msg id="30" tool="trc">
  <type>LOAD_MODULE</type>
  <arg>/lib64/libnl-3.so.200</arg>
  <arg>0x7fe16a062000</arg>
  <arg>0x7fe16a2828c7</arg>
  <arg>no</arg>
  <severity>INFO</severity>
  <timestamp>Thu Aug 15 16:51:54 2024</timestamp>
</msg>
<msg id="31" tool="trc">
  <type>LOAD_MODULE</type>
  <arg>/home/apps/spack/opt/spack/linux-centos7-cascadelake/gcc-11.2.0/libpciaccess-0.16-cnsuydopm5t3k57rozbjqkx23jxie5gy/lib/libpciaccess.so.0</arg>
  <arg>0x7fe169e47000</arg>
  <arg>0x7fe16a04f207</arg>
  <arg>yes</arg>
  <severity>INFO</severity>
  <timestamp>Thu Aug 15 16:51:54 2024</timestamp>
</msg>
<msg id="32" tool="trc">
  <type>LOAD_MODULE</type>
  <arg>/home/apps/spack/opt/spack/linux-centos7-cascadelake/gcc-11.2.0/libxml2-2.9.12-kay3j2c6lwgtulz5lsosyvyv462cbzil/lib/libxml2.so.2</arg>
  <arg>0x7fe169ade000</arg>
  <arg>0x7fe169e46427</arg>
  <arg>yes</arg>
  <severity>INFO</severity>
  <timestamp>Thu Aug 15 16:51:54 2024</timestamp>
</msg>
<msg id="33" tool="trc">
  <type>LOAD_MODULE</type>
  <arg>/home/apps/spack/opt/spack/linux-centos7-cascadelake/gcc-11.2.0/xz-5.2.5-ah4yqsq3h4fyip47pjw4vvv4nu3xl7qa/lib/liblzma.so.5</arg>
  <arg>0x7fe1698b7000</arg>
  <arg>0x7fe169add297</arg>
  <arg>yes</arg>
  <severity>INFO</severity>
  <timestamp>Thu Aug 15 16:51:54 2024</timestamp>
</msg>
<msg id="34" tool="trc">
  <type>LOAD_MODULE</type>
  <arg>/home/apps/spack/opt/spack/linux-centos7-cascadelake/gcc-11.2.0/libiconv-1.16-mm6aw6xtwmip37hy5h6fikz4gg3mtl4n/lib/libiconv.so.2</arg>
  <arg>0x7fe1695ba000</arg>
  <arg>0x7fe1698b60af</arg>
  <arg>yes</arg>
  <severity>INFO</severity>
  <timestamp>Thu Aug 15 16:51:54 2024</timestamp>
</msg>
<msg id="35" tool="trc">
  <type>PROCESS_START</type>
  <arg>/home/apps/spack/opt/spack/linux-centos7-cascadelake/gcc-11.2.0/openmpi-4.1.1-ng5onpe6lgk5uw65blmf7656dtucqoi3/bin/orted</arg>
  <arg>106012</arg>
  <severity>INFO</severity>
  <timestamp>Thu Aug 15 16:51:55 2024</timestamp>
</msg>
<msg id="36" tool="trc">
  <type>PROCESS_ANALYSIS_MODE</type>
  <arg>full</arg>
  <severity>INFO</severity>
  <timestamp>Thu Aug 15 16:51:56 2024</timestamp>
</msg>
<msg id="37" tool="trc">
  <type>LOAD_MODULE</type>
  <arg>/home/apps/spack/opt/spack/linux-centos7-cascadelake/gcc-11.2.0/openmpi-4.1.1-ng5onpe6lgk5uw65blmf7656dtucqoi3/bin/orted</arg>
  <arg>0x400000</arg>
  <arg>0x602067</arg>
  <arg>yes</arg>
  <severity>INFO</severity>
  <timestamp>Thu Aug 15 16:51:56 2024</timestamp>
</msg>
<msg id="38" tool="trc">
  <type>LOAD_MODULE</type>
  <arg>/lib64/ld-linux-x86-64.so.2</arg>
  <arg>0x7f0645a90000</arg>
  <arg>0x7f0645cb314f</arg>
  <arg>yes</arg>
  <severity>INFO</severity>
  <timestamp>Thu Aug 15 16:51:56 2024</timestamp>
</msg>
<msg id="39" tool="trc">
  <type>LOAD_MODULE</type>
  <arg>[vdso]</arg>
  <arg>0x7ffed39ef000</arg>
  <arg>0x7ffed39efe6c</arg>
  <arg>no</arg>
  <severity>INFO</severity>
  <timestamp>Thu Aug 15 16:51:56 2024</timestamp>
</msg>
<msg id="40" tool="trc">
  <type>LOAD_MODULE</type>
  <arg>/home/apps/spack/opt/spack/linux-centos7-cascadelake/gcc-11.2.0/openmpi-4.1.1-ng5onpe6lgk5uw65blmf7656dtucqoi3/lib/libopen-rte.so.40</arg>
  <arg>0x7f062fb83000</arg>
  <arg>0x7f062fea0f87</arg>
  <arg>yes</arg>
  <severity>INFO</severity>
  <timestamp>Thu Aug 15 16:51:56 2024</timestamp>
</msg>
<msg id="41" tool="trc">
  <type>LOAD_MODULE</type>
  <arg>/home/apps/spack/opt/spack/linux-centos7-cascadelake/gcc-11.2.0/openmpi-4.1.1-ng5onpe6lgk5uw65blmf7656dtucqoi3/lib/libopen-pal.so.40</arg>
  <arg>0x7f062f677000</arg>
  <arg>0x7f062fb081d7</arg>
  <arg>yes</arg>
  <severity>INFO</severity>
  <timestamp>Thu Aug 15 16:51:56 2024</timestamp>
</msg>
<msg id="42" tool="trc">
  <type>LOAD_MODULE</type>
  <arg>/home/apps/spack/opt/spack/linux-centos7-cascadelake/gcc-11.2.0/openmpi-4.1.1-ng5onpe6lgk5uw65blmf7656dtucqoi3/lib/libopen-orted-mpir.so</arg>
  <arg>0x7f062f474000</arg>
  <arg>0x7f062f6768af</arg>
  <arg>yes</arg>
  <severity>INFO</severity>
  <timestamp>Thu Aug 15 16:51:57 2024</timestamp>
</msg>
<msg id="43" tool="trc">
  <type>LOAD_MODULE</type>
  <arg>/lib64/librdmacm.so.1</arg>
  <arg>0x7f062f112000</arg>
  <arg>0x7f062f328267</arg>
  <arg>no</arg>
  <severity>INFO</severity>
  <timestamp>Thu Aug 15 16:51:57 2024</timestamp>
</msg>
<msg id="44" tool="trc">
  <type>LOAD_MODULE</type>
  <arg>/lib64/libibverbs.so.1</arg>
  <arg>0x7f062eee6000</arg>
  <arg>0x7f062f0fe66f</arg>
  <arg>no</arg>
  <severity>INFO</severity>
  <timestamp>Thu Aug 15 16:51:57 2024</timestamp>
</msg>
<msg id="45" tool="trc">
  <type>LOAD_MODULE</type>
  <arg>/lib64/libdl.so.2</arg>
  <arg>0x7f062ece2000</arg>
  <arg>0x7f062eee512f</arg>
  <arg>yes</arg>
  <severity>INFO</severity>
  <timestamp>Thu Aug 15 16:51:57 2024</timestamp>
</msg>
<msg id="46" tool="trc">
  <type>LOAD_MODULE</type>
  <arg>/lib64/librt.so.1</arg>
  <arg>0x7f062eada000</arg>
  <arg>0x7f062ece1c37</arg>
  <arg>yes</arg>
  <severity>INFO</severity>
  <timestamp>Thu Aug 15 16:51:57 2024</timestamp>
</msg>
<msg id="47" tool="trc">
  <type>LOAD_MODULE</type>
  <arg>/lib64/libm.so.6</arg>
  <arg>0x7f062e7d8000</arg>
  <arg>0x7f062ead9137</arg>
  <arg>yes</arg>
  <severity>INFO</severity>
  <timestamp>Thu Aug 15 16:51:57 2024</timestamp>
</msg>
<msg id="48" tool="trc">
  <type>LOAD_MODULE</type>
  <arg>/lib64/libutil.so.1</arg>
  <arg>0x7f062e5d5000</arg>
  <arg>0x7f062e7d710f</arg>
  <arg>yes</arg>
  <severity>INFO</severity>
  <timestamp>Thu Aug 15 16:51:57 2024</timestamp>
</msg>
<msg id="49" tool="trc">
  <type>LOAD_MODULE</type>
  <arg>/home/apps/spack/opt/spack/linux-centos7-cascadelake/gcc-11.2.0/zlib-1.2.11-2r3jtjxvltasn7jh64vhgfg6ikrckiy7/lib/libz.so.1</arg>
  <arg>0x7f062e3be000</arg>
  <arg>0x7f062e5d418f</arg>
  <arg>yes</arg>
  <severity>INFO</severity>
  <timestamp>Thu Aug 15 16:51:57 2024</timestamp>
</msg>
<msg id="50" tool="trc">
  <type>LOAD_MODULE</type>
  <arg>/home/apps/spack/opt/spack/linux-centos7-cascadelake/gcc-11.2.0/hwloc-2.6.0-rsbdipafg2udtzjjkohyqkzl6gjubakg/lib/libhwloc.so.15</arg>
  <arg>0x7f062e163000</arg>
  <arg>0x7f062e3bda77</arg>
  <arg>yes</arg>
  <severity>INFO</severity>
  <timestamp>Thu Aug 15 16:51:57 2024</timestamp>
</msg>
<msg id="51" tool="trc">
  <type>LOAD_MODULE</type>
  <arg>/home/apps/spack/opt/spack/linux-centos7-cascadelake/gcc-11.2.0/libevent-2.1.12-g3uxob6tamxinfaysf4ttc3nx5pjzb4h/lib/libevent_core-2.1.so.7</arg>
  <arg>0x7f062df2e000</arg>
  <arg>0x7f062e162117</arg>
  <arg>yes</arg>
  <severity>INFO</severity>
  <timestamp>Thu Aug 15 16:51:57 2024</timestamp>
</msg>
<msg id="52" tool="trc">
  <type>LOAD_MODULE</type>
  <arg>/home/apps/spack/opt/spack/linux-centos7-cascadelake/gcc-11.2.0/libevent-2.1.12-g3uxob6tamxinfaysf4ttc3nx5pjzb4h/lib/libevent_pthreads-2.1.so.7</arg>
  <arg>0x7f062dd2b000</arg>
  <arg>0x7f062df2d0d7</arg>
  <arg>yes</arg>
  <severity>INFO</severity>
  <timestamp>Thu Aug 15 16:51:57 2024</timestamp>
</msg>
<msg id="53" tool="trc">
  <type>LOAD_MODULE</type>
  <arg>/lib64/libpthread.so.0</arg>
  <arg>0x7f062db0f000</arg>
  <arg>0x7f062dd2a487</arg>
  <arg>yes</arg>
  <severity>INFO</severity>
  <timestamp>Thu Aug 15 16:51:57 2024</timestamp>
</msg>
<msg id="54" tool="trc">
  <type>LOAD_MODULE</type>
  <arg>/lib64/libc.so.6</arg>
  <arg>0x7f062d741000</arg>
  <arg>0x7f062db0e1ff</arg>
  <arg>yes</arg>
  <severity>INFO</severity>
  <timestamp>Thu Aug 15 16:51:57 2024</timestamp>
</msg>
<msg id="55" tool="trc">
  <type>LOAD_MODULE</type>
  <arg>/lib64/libnl-route-3.so.200</arg>
  <arg>0x7f062d497000</arg>
  <arg>0x7f062d7035bf</arg>
  <arg>no</arg>
  <severity>INFO</severity>
  <timestamp>Thu Aug 15 16:51:57 2024</timestamp>
</msg>
<msg id="56" tool="trc">
  <type>LOAD_MODULE</type>
  <arg>/lib64/libnl-3.so.200</arg>
  <arg>0x7f062d276000</arg>
  <arg>0x7f062d4968c7</arg>
  <arg>no</arg>
  <severity>INFO</severity>
  <timestamp>Thu Aug 15 16:51:57 2024</timestamp>
</msg>
<msg id="57" tool="trc">
  <type>LOAD_MODULE</type>
  <arg>/home/apps/spack/opt/spack/linux-centos7-cascadelake/gcc-11.2.0/libpciaccess-0.16-cnsuydopm5t3k57rozbjqkx23jxie5gy/lib/libpciaccess.so.0</arg>
  <arg>0x7f062cfec000</arg>
  <arg>0x7f062d1f4207</arg>
  <arg>yes</arg>
  <severity>INFO</severity>
  <timestamp>Thu Aug 15 16:51:57 2024</timestamp>
</msg>
<msg id="58" tool="trc">
  <type>LOAD_MODULE</type>
  <arg>/home/apps/spack/opt/spack/linux-centos7-cascadelake/gcc-11.2.0/libxml2-2.9.12-kay3j2c6lwgtulz5lsosyvyv462cbzil/lib/libxml2.so.2</arg>
  <arg>0x7f062cc83000</arg>
  <arg>0x7f062cfeb427</arg>
  <arg>yes</arg>
  <severity>INFO</severity>
  <timestamp>Thu Aug 15 16:51:57 2024</timestamp>
</msg>
<msg id="59" tool="trc">
  <type>LOAD_MODULE</type>
  <arg>/home/apps/spack/opt/spack/linux-centos7-cascadelake/gcc-11.2.0/xz-5.2.5-ah4yqsq3h4fyip47pjw4vvv4nu3xl7qa/lib/liblzma.so.5</arg>
  <arg>0x7f062ca5c000</arg>
  <arg>0x7f062cc82297</arg>
  <arg>yes</arg>
  <severity>INFO</severity>
  <timestamp>Thu Aug 15 16:51:57 2024</timestamp>
</msg>
<msg id="60" tool="trc">
  <type>LOAD_MODULE</type>
  <arg>/home/apps/spack/opt/spack/linux-centos7-cascadelake/gcc-11.2.0/libiconv-1.16-mm6aw6xtwmip37hy5h6fikz4gg3mtl4n/lib/libiconv.so.2</arg>
  <arg>0x7f062c75f000</arg>
  <arg>0x7f062ca5b0af</arg>
  <arg>yes</arg>
  <severity>INFO</severity>
  <timestamp>Thu Aug 15 16:51:57 2024</timestamp>
</msg>
<msg id="61" tool="trc">
  <type>UNLOAD_MODULE</type>
  <arg>/home/apps/spack/opt/spack/linux-centos7-cascadelake/gcc-11.2.0/openmpi-4.1.1-ng5onpe6lgk5uw65blmf7656dtucqoi3/bin/orted</arg>
  <severity>INFO</severity>
  <timestamp>Thu Aug 15 16:53:25 2024</timestamp>
</msg>
<msg id="62" tool="trc">
  <type>UNLOAD_MODULE</type>
  <arg>/lib64/ld-linux-x86-64.so.2</arg>
  <severity>INFO</severity>
  <timestamp>Thu Aug 15 16:53:25 2024</timestamp>
</msg>
<msg id="63" tool="trc">
  <type>UNLOAD_MODULE</type>
  <arg>[vdso]</arg>
  <severity>INFO</severity>
  <timestamp>Thu Aug 15 16:53:25 2024</timestamp>
</msg>
<msg id="64" tool="trc">
  <type>UNLOAD_MODULE</type>
  <arg>/home/apps/spack/opt/spack/linux-centos7-cascadelake/gcc-11.2.0/openmpi-4.1.1-ng5onpe6lgk5uw65blmf7656dtucqoi3/lib/libopen-rte.so.40</arg>
  <severity>INFO</severity>
  <timestamp>Thu Aug 15 16:53:25 2024</timestamp>
</msg>
<msg id="65" tool="trc">
  <type>UNLOAD_MODULE</type>
  <arg>/home/apps/spack/opt/spack/linux-centos7-cascadelake/gcc-11.2.0/openmpi-4.1.1-ng5onpe6lgk5uw65blmf7656dtucqoi3/lib/libopen-pal.so.40</arg>
  <severity>INFO</severity>
  <timestamp>Thu Aug 15 16:53:25 2024</timestamp>
</msg>
<msg id="66" tool="trc">
  <type>UNLOAD_MODULE</type>
  <arg>/home/apps/spack/opt/spack/linux-centos7-cascadelake/gcc-11.2.0/openmpi-4.1.1-ng5onpe6lgk5uw65blmf7656dtucqoi3/lib/libopen-orted-mpir.so</arg>
  <severity>INFO</severity>
  <timestamp>Thu Aug 15 16:53:25 2024</timestamp>
</msg>
<msg id="67" tool="trc">
  <type>UNLOAD_MODULE</type>
  <arg>/lib64/librdmacm.so.1</arg>
  <severity>INFO</severity>
  <timestamp>Thu Aug 15 16:53:25 2024</timestamp>
</msg>
<msg id="68" tool="trc">
  <type>UNLOAD_MODULE</type>
  <arg>/lib64/libibverbs.so.1</arg>
  <severity>INFO</severity>
  <timestamp>Thu Aug 15 16:53:25 2024</timestamp>
</msg>
<msg id="69" tool="trc">
  <type>UNLOAD_MODULE</type>
  <arg>/lib64/libdl.so.2</arg>
  <severity>INFO</severity>
  <timestamp>Thu Aug 15 16:53:25 2024</timestamp>
</msg>
<msg id="70" tool="trc">
  <type>UNLOAD_MODULE</type>
  <arg>/lib64/librt.so.1</arg>
  <severity>INFO</severity>
  <timestamp>Thu Aug 15 16:53:25 2024</timestamp>
</msg>
<msg id="71" tool="trc">
  <type>UNLOAD_MODULE</type>
  <arg>/lib64/libm.so.6</arg>
  <severity>INFO</severity>
  <timestamp>Thu Aug 15 16:53:25 2024</timestamp>
</msg>
<msg id="72" tool="trc">
  <type>UNLOAD_MODULE</type>
  <arg>/lib64/libutil.so.1</arg>
  <severity>INFO</severity>
  <timestamp>Thu Aug 15 16:53:25 2024</timestamp>
</msg>
<msg id="73" tool="trc">
  <type>UNLOAD_MODULE</type>
  <arg>/home/apps/spack/opt/spack/linux-centos7-cascadelake/gcc-11.2.0/zlib-1.2.11-2r3jtjxvltasn7jh64vhgfg6ikrckiy7/lib/libz.so.1</arg>
  <severity>INFO</severity>
  <timestamp>Thu Aug 15 16:53:25 2024</timestamp>
</msg>
<msg id="74" tool="trc">
  <type>UNLOAD_MODULE</type>
  <arg>/home/apps/spack/opt/spack/linux-centos7-cascadelake/gcc-11.2.0/hwloc-2.6.0-rsbdipafg2udtzjjkohyqkzl6gjubakg/lib/libhwloc.so.15</arg>
  <severity>INFO</severity>
  <timestamp>Thu Aug 15 16:53:25 2024</timestamp>
</msg>
<msg id="75" tool="trc">
  <type>UNLOAD_MODULE</type>
  <arg>/home/apps/spack/opt/spack/linux-centos7-cascadelake/gcc-11.2.0/libevent-2.1.12-g3uxob6tamxinfaysf4ttc3nx5pjzb4h/lib/libevent_core-2.1.so.7</arg>
  <severity>INFO</severity>
  <timestamp>Thu Aug 15 16:53:25 2024</timestamp>
</msg>
<msg id="76" tool="trc">
  <type>UNLOAD_MODULE</type>
  <arg>/home/apps/spack/opt/spack/linux-centos7-cascadelake/gcc-11.2.0/libevent-2.1.12-g3uxob6tamxinfaysf4ttc3nx5pjzb4h/lib/libevent_pthreads-2.1.so.7</arg>
  <severity>INFO</severity>
  <timestamp>Thu Aug 15 16:53:25 2024</timestamp>
</msg>
<msg id="77" tool="trc">
  <type>UNLOAD_MODULE</type>
  <arg>/lib64/libpthread.so.0</arg>
  <severity>INFO</severity>
  <timestamp>Thu Aug 15 16:53:25 2024</timestamp>
</msg>
<msg id="78" tool="trc">
  <type>UNLOAD_MODULE</type>
  <arg>/lib64/libc.so.6</arg>
  <severity>INFO</severity>
  <timestamp>Thu Aug 15 16:53:25 2024</timestamp>
</msg>
<msg id="79" tool="trc">
  <type>UNLOAD_MODULE</type>
  <arg>/lib64/libnl-route-3.so.200</arg>
  <severity>INFO</severity>
  <timestamp>Thu Aug 15 16:53:25 2024</timestamp>
</msg>
<msg id="80" tool="trc">
  <type>UNLOAD_MODULE</type>
  <arg>/lib64/libnl-3.so.200</arg>
  <severity>INFO</severity>
  <timestamp>Thu Aug 15 16:53:25 2024</timestamp>
</msg>
<msg id="81" tool="trc">
  <type>UNLOAD_MODULE</type>
  <arg>/home/apps/spack/opt/spack/linux-centos7-cascadelake/gcc-11.2.0/libpciaccess-0.16-cnsuydopm5t3k57rozbjqkx23jxie5gy/lib/libpciaccess.so.0</arg>
  <severity>INFO</severity>
  <timestamp>Thu Aug 15 16:53:25 2024</timestamp>
</msg>
<msg id="82" tool="trc">
  <type>UNLOAD_MODULE</type>
  <arg>/home/apps/spack/opt/spack/linux-centos7-cascadelake/gcc-11.2.0/libxml2-2.9.12-kay3j2c6lwgtulz5lsosyvyv462cbzil/lib/libxml2.so.2</arg>
  <severity>INFO</severity>
  <timestamp>Thu Aug 15 16:53:25 2024</timestamp>
</msg>
<msg id="83" tool="trc">
  <type>UNLOAD_MODULE</type>
  <arg>/home/apps/spack/opt/spack/linux-centos7-cascadelake/gcc-11.2.0/xz-5.2.5-ah4yqsq3h4fyip47pjw4vvv4nu3xl7qa/lib/liblzma.so.5</arg>
  <severity>INFO</severity>
  <timestamp>Thu Aug 15 16:53:25 2024</timestamp>
</msg>
<msg id="84" tool="trc">
  <type>UNLOAD_MODULE</type>
  <arg>/home/apps/spack/opt/spack/linux-centos7-cascadelake/gcc-11.2.0/libiconv-1.16-mm6aw6xtwmip37hy5h6fikz4gg3mtl4n/lib/libiconv.so.2</arg>
  <severity>INFO</severity>
  <timestamp>Thu Aug 15 16:53:25 2024</timestamp>
</msg>
<msg id="85" tool="trc">
  <type>PROCESS_FINISH</type>
  <arg>/home/apps/spack/opt/spack/linux-centos7-cascadelake/gcc-11.2.0/openmpi-4.1.1-ng5onpe6lgk5uw65blmf7656dtucqoi3/bin/orted</arg>
  <arg>106012</arg>
  <arg>0x0</arg>
  <severity>INFO</severity>
  <timestamp>Thu Aug 15 16:53:25 2024</timestamp>
</msg>
<msg id="86" tool="runtool">
  <type>app-exit-code</type>
  <arg>0</arg>
</msg>
<msg id="87" tool="runtool">
  <type>marker-file</type>
  <arg>/home/user2/project/project/advisorMPIReport/e000/trc000/trc000.advixe</arg>
</msg>
<msg id="88" tool="runtool">
  <type>collector-done</type>
</msg>
<msg id="89" tool="runtool">
  <type>log-end</type>
  <arg>2024/08/16 00:23:30</arg>
</msg>

</log>

