<?xml version="1.0" encoding="utf-8" ?>
<!-- DO NOT EDIT THIS FILE -->

<log version='2.0' source='trc'>
	<msg id='1' display='false' source='trc'>
		<type>PROCESS_START</type>
		<severity>INFO</severity>
		<timestamp>Thu Aug 15 16:51:55 2024</timestamp>
		<arg name='process'>/home/apps/spack/opt/spack/linux-centos7-cascadelake/gcc-11.2.0/openmpi-4.1.1-ng5onpe6lgk5uw65blmf7656dtucqoi3/bin/orted</arg>
		<arg name='pid'>106012</arg>
	</msg>
	<!-- Instrumentation filter's state:
    Patterns applicability:
        Generic loop pattern.....................: enabled
        Generic loop pattern (with dynamic jumps): enabled
        Known trip value loop pattern............: enabled
        Runtime final value loop pattern.........: enabled
        No initial IV loop pattern...............: enabled
        IV step only loop pattern................: enabled
        No entry loop pattern....................: enabled
    Clustered memory model (CMM) applicability:
        Generic loop pattern.....................: enabled
        Generic loop pattern (with dynamic jumps): enabled
        Known trip value loop pattern............: enabled
        Runtime final value loop pattern.........: enabled
        No initial IV loop pattern...............: enabled
        IV step only loop pattern................: enabled
        No entry loop pattern....................: disabled
 -->
	<!-- Callstack mode:
    filter modules.........: true
    filter routines........: true
    count loops............: true
    count flops............: true
    trace..................: false
    extended trace.........: false
    omp trace..............: false
    jit trace..............: false
    failures trace.........: false
    dump raw...............: false
    dump final.............: false
    dump all...............: false
    stack stitching........: true
    stl profiling..........: true
    aggressive frame switch: true
    unwind frame exit......: true
    analyze child loops....: true
 -->
	<!-- Managed application profiling: -->
	<!-- 	State...................: enabled -->
	<!-- Gpu Profiling: -->
	<!-- 	State: disabled -->
	<!-- Creating caches according to description: 6:64w:4k/1:480w:3840k/1:16w:12m -->
	<!-- Created cache simulator with the following features: empty feature, random set sampler, generic random set mapper, bb attribution, default tag, empty feature with size 12582912, associativity 16, and sampling 0.100000 -->
	<!-- Created cache simulator with the following features: set locker, random set sampler, fast random set mapper, bb attribution, default tag, empty feature with size 3932160, associativity 480, and sampling 0.100000 -->
	<!-- Created cache simulator with the following features: empty feature, empty feature, fast trivial set mapper, bb attribution, default tag, empty feature with size 4096, associativity 64, and sampling 1.000000 -->
	<!-- Created cache simulator with the following features: empty feature, empty feature, fast trivial set mapper, bb attribution, default tag, empty feature with size 4096, associativity 64, and sampling 1.000000 -->
	<!-- Created cache simulator with the following features: empty feature, empty feature, fast trivial set mapper, bb attribution, default tag, empty feature with size 4096, associativity 64, and sampling 1.000000 -->
	<!-- Created cache simulator with the following features: empty feature, empty feature, fast trivial set mapper, bb attribution, default tag, empty feature with size 4096, associativity 64, and sampling 1.000000 -->
	<!-- Created cache simulator with the following features: empty feature, empty feature, fast trivial set mapper, bb attribution, default tag, empty feature with size 4096, associativity 64, and sampling 1.000000 -->
	<!-- Created cache simulator with the following features: empty feature, empty feature, fast trivial set mapper, bb attribution, default tag, empty feature with size 4096, associativity 64, and sampling 1.000000 -->
	<!-- Cache hierarchy created. Status=success -->
	<msg id='2' display='false' source='trc'>
		<type>PROCESS_ANALYSIS_MODE</type>
		<severity>INFO</severity>
		<timestamp>Thu Aug 15 16:51:56 2024</timestamp>
		<arg name='mode'>full</arg>
	</msg>
	<!-- Update image info for [1:0x400000:YN] /home/apps/spack/opt/spack/linux-centos7-cascadelake/gcc-11.2.0/openmpi-4.1.1-ng5onpe6lgk5uw65blmf7656dtucqoi3/bin/orted -->
	<msg id='3' display='false' source='trc'>
		<type>LOAD_MODULE</type>
		<severity>INFO</severity>
		<timestamp>Thu Aug 15 16:51:56 2024</timestamp>
		<arg name='module'>/home/apps/spack/opt/spack/linux-centos7-cascadelake/gcc-11.2.0/openmpi-4.1.1-ng5onpe6lgk5uw65blmf7656dtucqoi3/bin/orted</arg>
		<arg name='basement'>0x400000</arg>
		<arg name='ceiling'>0x602067</arg>
		<arg name='symtab'>yes</arg>
	</msg>
	<!-- Instrumentation of /home/apps/spack/opt/spack/linux-centos7-cascadelake/gcc-11.2.0/openmpi-4.1.1-ng5onpe6lgk5uw65blmf7656dtucqoi3/bin/orted image skipped because of filter conditions [cs-mode]. -->
	<!-- Update image info for [2:0x7F0645A90000:YN] /lib64/ld-linux-x86-64.so.2 -->
	<msg id='4' display='false' source='trc'>
		<type>LOAD_MODULE</type>
		<severity>INFO</severity>
		<timestamp>Thu Aug 15 16:51:56 2024</timestamp>
		<arg name='module'>/lib64/ld-linux-x86-64.so.2</arg>
		<arg name='basement'>0x7f0645a90000</arg>
		<arg name='ceiling'>0x7f0645cb314f</arg>
		<arg name='symtab'>yes</arg>
	</msg>
	<!-- Instrumentation of /lib64/ld-linux-x86-64.so.2 image skipped because of filter conditions [cs-mode]. -->
	<!-- Update image info for [3:0x7FFED39EF000:NN] [vdso] -->
	<msg id='5' display='false' source='trc'>
		<type>LOAD_MODULE</type>
		<severity>INFO</severity>
		<timestamp>Thu Aug 15 16:51:56 2024</timestamp>
		<arg name='module'>[vdso]</arg>
		<arg name='basement'>0x7ffed39ef000</arg>
		<arg name='ceiling'>0x7ffed39efe6c</arg>
		<arg name='symtab'>no</arg>
	</msg>
	<!-- Instrumentation of [vdso] image skipped because of filter conditions [cs-mode]. -->
	<!-- Update image info for [4:0x7F062FB83000:YN] /home/apps/spack/opt/spack/linux-centos7-cascadelake/gcc-11.2.0/openmpi-4.1.1-ng5onpe6lgk5uw65blmf7656dtucqoi3/lib/libopen-rte.so.40 -->
	<msg id='6' display='false' source='trc'>
		<type>LOAD_MODULE</type>
		<severity>INFO</severity>
		<timestamp>Thu Aug 15 16:51:56 2024</timestamp>
		<arg name='module'>/home/apps/spack/opt/spack/linux-centos7-cascadelake/gcc-11.2.0/openmpi-4.1.1-ng5onpe6lgk5uw65blmf7656dtucqoi3/lib/libopen-rte.so.40</arg>
		<arg name='basement'>0x7f062fb83000</arg>
		<arg name='ceiling'>0x7f062fea0f87</arg>
		<arg name='symtab'>yes</arg>
	</msg>
	<!-- Instrumenting image: id = 4, name = /home/apps/spack/opt/spack/linux-centos7-cascadelake/gcc-11.2.0/openmpi-4.1.1-ng5onpe6lgk5uw65blmf7656dtucqoi3/lib/libopen-rte.so.40 -->
	<!-- Instrumenting loops in routine "orte_daemon" -->
	<!-- Instrumenting loops in routine "pmix_server_init" -->
	<!-- Instrumenting loops in routine "orte_ess_base_proc_binding" -->
	<!-- Instrumenting loops in routine "rte_init.part.0" -->
	<!-- Instrumenting loops in routine "rte_init" -->
	<!-- Instrumenting loops in routine "orte_oob_base_select" -->
	<!-- Instrumenting loops in routine "listen_thread" -->
	<!-- Instrumenting loops in routine "orte_oob_tcp_start_listening" -->
	<!-- Update image info for [5:0x7F062F677000:YN] /home/apps/spack/opt/spack/linux-centos7-cascadelake/gcc-11.2.0/openmpi-4.1.1-ng5onpe6lgk5uw65blmf7656dtucqoi3/lib/libopen-pal.so.40 -->
	<msg id='7' display='false' source='trc'>
		<type>LOAD_MODULE</type>
		<severity>INFO</severity>
		<timestamp>Thu Aug 15 16:51:56 2024</timestamp>
		<arg name='module'>/home/apps/spack/opt/spack/linux-centos7-cascadelake/gcc-11.2.0/openmpi-4.1.1-ng5onpe6lgk5uw65blmf7656dtucqoi3/lib/libopen-pal.so.40</arg>
		<arg name='basement'>0x7f062f677000</arg>
		<arg name='ceiling'>0x7f062fb081d7</arg>
		<arg name='symtab'>yes</arg>
	</msg>
	<!-- Instrumenting image: id = 5, name = /home/apps/spack/opt/spack/linux-centos7-cascadelake/gcc-11.2.0/openmpi-4.1.1-ng5onpe6lgk5uw65blmf7656dtucqoi3/lib/libopen-pal.so.40 -->
	<!-- Instrumenting loops in routine "progress_engine" -->
	<!-- Instrumenting loops in routine "opal_progress_thread_init" -->
	<!-- Instrumenting loops in routine "mca_base_var_finalize" -->
	<!-- Instrumenting loops in routine "mca_base_var_group_finalize" -->
	<!-- Instrumenting loops in routine "opal_hwloc_base_get_topology" -->
	<!-- Instrumenting loops in routine "pmix3x_client_init" with dynamic jumps -->
	<!-- Instrumenting loops in routine "pmix3x_server_init" with dynamic jumps -->
	<!-- Instrumenting loops in routine "_update_ns_elem" -->
	<!-- Instrumenting loops in routine "_dstore_store_nolock" -->
	<!-- Instrumenting loops in routine "_store_job_info" -->
	<!-- Instrumenting loops in routine "pmix_common_dstor_register_job_info" -->
	<!-- Instrumenting loops in routine "pmix_gds_open" -->
	<!-- Instrumenting loops in routine "pmix_pinstall_dirs_base_init" -->
	<!-- Instrumenting loops in routine "pmix_pinstall_dirs_expand_internal" -->
	<!-- Instrumenting loops in routine "PMIx_Init" with dynamic jumps -->
	<!-- Instrumenting loops in routine "pmix_rte_init" with dynamic jumps -->
	<!-- Instrumenting loops in routine "pmix_mca_base_framework_components_open" -->
	<!-- Instrumenting loops in routine "progress_engine" -->
	<!-- Instrumenting loops in routine "pmix_progress_thread_start" -->
	<!-- Instrumenting loops in routine "PMIx_server_init" with dynamic jumps -->
	<!-- Instrumenting loops in routine "server_switchyard" with dynamic jumps -->
	<!-- Instrumenting loops in routine "pmix_server_message_handler" -->
	<!-- Instrumenting loops in routine "listen_thread" -->
	<!-- Instrumenting loops in routine "pmix_ptl_base_start_listening" -->
	<!-- Instrumenting loops in routine "pmix_ptl_base_process_msg" with dynamic jumps -->
	<!-- Update image info for [6:0x7F062F474000:YN] /home/apps/spack/opt/spack/linux-centos7-cascadelake/gcc-11.2.0/openmpi-4.1.1-ng5onpe6lgk5uw65blmf7656dtucqoi3/lib/libopen-orted-mpir.so -->
	<msg id='8' display='false' source='trc'>
		<type>LOAD_MODULE</type>
		<severity>INFO</severity>
		<timestamp>Thu Aug 15 16:51:57 2024</timestamp>
		<arg name='module'>/home/apps/spack/opt/spack/linux-centos7-cascadelake/gcc-11.2.0/openmpi-4.1.1-ng5onpe6lgk5uw65blmf7656dtucqoi3/lib/libopen-orted-mpir.so</arg>
		<arg name='basement'>0x7f062f474000</arg>
		<arg name='ceiling'>0x7f062f6768af</arg>
		<arg name='symtab'>yes</arg>
	</msg>
	<!-- Instrumentation of /home/apps/spack/opt/spack/linux-centos7-cascadelake/gcc-11.2.0/openmpi-4.1.1-ng5onpe6lgk5uw65blmf7656dtucqoi3/lib/libopen-orted-mpir.so image skipped because of filter conditions [cs-mode]. -->
	<!-- Update image info for [7:0x7F062F112000:NN] /lib64/librdmacm.so.1 -->
	<msg id='9' display='false' source='trc'>
		<type>LOAD_MODULE</type>
		<severity>INFO</severity>
		<timestamp>Thu Aug 15 16:51:57 2024</timestamp>
		<arg name='module'>/lib64/librdmacm.so.1</arg>
		<arg name='basement'>0x7f062f112000</arg>
		<arg name='ceiling'>0x7f062f328267</arg>
		<arg name='symtab'>no</arg>
	</msg>
	<!-- Instrumentation of /lib64/librdmacm.so.1 image skipped because of filter conditions [cs-mode]. -->
	<!-- Update image info for [8:0x7F062EEE6000:NN] /lib64/libibverbs.so.1 -->
	<msg id='10' display='false' source='trc'>
		<type>LOAD_MODULE</type>
		<severity>INFO</severity>
		<timestamp>Thu Aug 15 16:51:57 2024</timestamp>
		<arg name='module'>/lib64/libibverbs.so.1</arg>
		<arg name='basement'>0x7f062eee6000</arg>
		<arg name='ceiling'>0x7f062f0fe66f</arg>
		<arg name='symtab'>no</arg>
	</msg>
	<!-- Instrumentation of /lib64/libibverbs.so.1 image skipped because of filter conditions [cs-mode]. -->
	<!-- Update image info for [9:0x7F062ECE2000:YN] /lib64/libdl.so.2 -->
	<msg id='11' display='false' source='trc'>
		<type>LOAD_MODULE</type>
		<severity>INFO</severity>
		<timestamp>Thu Aug 15 16:51:57 2024</timestamp>
		<arg name='module'>/lib64/libdl.so.2</arg>
		<arg name='basement'>0x7f062ece2000</arg>
		<arg name='ceiling'>0x7f062eee512f</arg>
		<arg name='symtab'>yes</arg>
	</msg>
	<!-- Instrumentation of /lib64/libdl.so.2 image skipped because of filter conditions [cs-mode]. -->
	<!-- Update image info for [10:0x7F062EADA000:YN] /lib64/librt.so.1 -->
	<msg id='12' display='false' source='trc'>
		<type>LOAD_MODULE</type>
		<severity>INFO</severity>
		<timestamp>Thu Aug 15 16:51:57 2024</timestamp>
		<arg name='module'>/lib64/librt.so.1</arg>
		<arg name='basement'>0x7f062eada000</arg>
		<arg name='ceiling'>0x7f062ece1c37</arg>
		<arg name='symtab'>yes</arg>
	</msg>
	<!-- Instrumentation of /lib64/librt.so.1 image skipped because of filter conditions [cs-mode]. -->
	<!-- Update image info for [11:0x7F062E7D8000:YN] /lib64/libm.so.6 -->
	<msg id='13' display='false' source='trc'>
		<type>LOAD_MODULE</type>
		<severity>INFO</severity>
		<timestamp>Thu Aug 15 16:51:57 2024</timestamp>
		<arg name='module'>/lib64/libm.so.6</arg>
		<arg name='basement'>0x7f062e7d8000</arg>
		<arg name='ceiling'>0x7f062ead9137</arg>
		<arg name='symtab'>yes</arg>
	</msg>
	<!-- Instrumentation of /lib64/libm.so.6 image skipped because of filter conditions [cs-mode]. -->
	<!-- Update image info for [12:0x7F062E5D5000:YN] /lib64/libutil.so.1 -->
	<msg id='14' display='false' source='trc'>
		<type>LOAD_MODULE</type>
		<severity>INFO</severity>
		<timestamp>Thu Aug 15 16:51:57 2024</timestamp>
		<arg name='module'>/lib64/libutil.so.1</arg>
		<arg name='basement'>0x7f062e5d5000</arg>
		<arg name='ceiling'>0x7f062e7d710f</arg>
		<arg name='symtab'>yes</arg>
	</msg>
	<!-- Instrumentation of /lib64/libutil.so.1 image skipped because of filter conditions [cs-mode]. -->
	<!-- Update image info for [13:0x7F062E3BE000:YN] /home/apps/spack/opt/spack/linux-centos7-cascadelake/gcc-11.2.0/zlib-1.2.11-2r3jtjxvltasn7jh64vhgfg6ikrckiy7/lib/libz.so.1 -->
	<msg id='15' display='false' source='trc'>
		<type>LOAD_MODULE</type>
		<severity>INFO</severity>
		<timestamp>Thu Aug 15 16:51:57 2024</timestamp>
		<arg name='module'>/home/apps/spack/opt/spack/linux-centos7-cascadelake/gcc-11.2.0/zlib-1.2.11-2r3jtjxvltasn7jh64vhgfg6ikrckiy7/lib/libz.so.1</arg>
		<arg name='basement'>0x7f062e3be000</arg>
		<arg name='ceiling'>0x7f062e5d418f</arg>
		<arg name='symtab'>yes</arg>
	</msg>
	<!-- Instrumentation of /home/apps/spack/opt/spack/linux-centos7-cascadelake/gcc-11.2.0/zlib-1.2.11-2r3jtjxvltasn7jh64vhgfg6ikrckiy7/lib/libz.so.1 image skipped because of filter conditions [cs-mode]. -->
	<!-- Update image info for [14:0x7F062E163000:YN] /home/apps/spack/opt/spack/linux-centos7-cascadelake/gcc-11.2.0/hwloc-2.6.0-rsbdipafg2udtzjjkohyqkzl6gjubakg/lib/libhwloc.so.15 -->
	<msg id='16' display='false' source='trc'>
		<type>LOAD_MODULE</type>
		<severity>INFO</severity>
		<timestamp>Thu Aug 15 16:51:57 2024</timestamp>
		<arg name='module'>/home/apps/spack/opt/spack/linux-centos7-cascadelake/gcc-11.2.0/hwloc-2.6.0-rsbdipafg2udtzjjkohyqkzl6gjubakg/lib/libhwloc.so.15</arg>
		<arg name='basement'>0x7f062e163000</arg>
		<arg name='ceiling'>0x7f062e3bda77</arg>
		<arg name='symtab'>yes</arg>
	</msg>
	<!-- Instrumenting image: id = 14, name = /home/apps/spack/opt/spack/linux-centos7-cascadelake/gcc-11.2.0/hwloc-2.6.0-rsbdipafg2udtzjjkohyqkzl6gjubakg/lib/libhwloc.so.15 -->
	<!-- Instrumenting loops in routine "hwloc_discover_by_phase.constprop.0.isra.0" -->
	<!-- Instrumenting loops in routine "hwloc_bitmap_first" -->
	<!-- Instrumenting loops in routine "hwloc_look_pci" -->
	<!-- Instrumenting loops in routine "hwloc__read_path_as_cpumask" -->
	<!-- Instrumenting loops in routine "look_sysfscpu" -->
	<!-- Instrumenting loops in routine "hwloc_look_linuxfs" -->
	<!-- Instrumenting loops in routine "hwloc_linux_set_tid_cpubind" -->
	<!-- Instrumenting loops in routine "hwloc_look_x86" -->
	<!-- Update image info for [15:0x7F062DF2E000:YN] /home/apps/spack/opt/spack/linux-centos7-cascadelake/gcc-11.2.0/libevent-2.1.12-g3uxob6tamxinfaysf4ttc3nx5pjzb4h/lib/libevent_core-2.1.so.7 -->
	<msg id='17' display='false' source='trc'>
		<type>LOAD_MODULE</type>
		<severity>INFO</severity>
		<timestamp>Thu Aug 15 16:51:57 2024</timestamp>
		<arg name='module'>/home/apps/spack/opt/spack/linux-centos7-cascadelake/gcc-11.2.0/libevent-2.1.12-g3uxob6tamxinfaysf4ttc3nx5pjzb4h/lib/libevent_core-2.1.so.7</arg>
		<arg name='basement'>0x7f062df2e000</arg>
		<arg name='ceiling'>0x7f062e162117</arg>
		<arg name='symtab'>yes</arg>
	</msg>
	<!-- Instrumenting image: id = 15, name = /home/apps/spack/opt/spack/linux-centos7-cascadelake/gcc-11.2.0/libevent-2.1.12-g3uxob6tamxinfaysf4ttc3nx5pjzb4h/lib/libevent_core-2.1.so.7 -->
	<!-- Instrumenting loops in routine "event_process_active_single_queue" with dynamic jumps -->
	<!-- Instrumenting loops in routine "event_base_loop" -->
	<!-- Update image info for [16:0x7F062DD2B000:YN] /home/apps/spack/opt/spack/linux-centos7-cascadelake/gcc-11.2.0/libevent-2.1.12-g3uxob6tamxinfaysf4ttc3nx5pjzb4h/lib/libevent_pthreads-2.1.so.7 -->
	<msg id='18' display='false' source='trc'>
		<type>LOAD_MODULE</type>
		<severity>INFO</severity>
		<timestamp>Thu Aug 15 16:51:57 2024</timestamp>
		<arg name='module'>/home/apps/spack/opt/spack/linux-centos7-cascadelake/gcc-11.2.0/libevent-2.1.12-g3uxob6tamxinfaysf4ttc3nx5pjzb4h/lib/libevent_pthreads-2.1.so.7</arg>
		<arg name='basement'>0x7f062dd2b000</arg>
		<arg name='ceiling'>0x7f062df2d0d7</arg>
		<arg name='symtab'>yes</arg>
	</msg>
	<!-- Instrumentation of /home/apps/spack/opt/spack/linux-centos7-cascadelake/gcc-11.2.0/libevent-2.1.12-g3uxob6tamxinfaysf4ttc3nx5pjzb4h/lib/libevent_pthreads-2.1.so.7 image skipped because of filter conditions [cs-mode]. -->
	<!-- Update image info for [17:0x7F062DB0F000:YN] /lib64/libpthread.so.0 -->
	<msg id='19' display='false' source='trc'>
		<type>LOAD_MODULE</type>
		<severity>INFO</severity>
		<timestamp>Thu Aug 15 16:51:57 2024</timestamp>
		<arg name='module'>/lib64/libpthread.so.0</arg>
		<arg name='basement'>0x7f062db0f000</arg>
		<arg name='ceiling'>0x7f062dd2a487</arg>
		<arg name='symtab'>yes</arg>
	</msg>
	<!-- Instrumentation of /lib64/libpthread.so.0 image skipped because of filter conditions. -->
	<!-- Update image info for [18:0x7F062D741000:YN] /lib64/libc.so.6 -->
	<msg id='20' display='false' source='trc'>
		<type>LOAD_MODULE</type>
		<severity>INFO</severity>
		<timestamp>Thu Aug 15 16:51:57 2024</timestamp>
		<arg name='module'>/lib64/libc.so.6</arg>
		<arg name='basement'>0x7f062d741000</arg>
		<arg name='ceiling'>0x7f062db0e1ff</arg>
		<arg name='symtab'>yes</arg>
	</msg>
	<!-- Instrumentation of /lib64/libc.so.6 image skipped because of filter conditions. -->
	<!-- Update image info for [19:0x7F062D497000:NN] /lib64/libnl-route-3.so.200 -->
	<msg id='21' display='false' source='trc'>
		<type>LOAD_MODULE</type>
		<severity>INFO</severity>
		<timestamp>Thu Aug 15 16:51:57 2024</timestamp>
		<arg name='module'>/lib64/libnl-route-3.so.200</arg>
		<arg name='basement'>0x7f062d497000</arg>
		<arg name='ceiling'>0x7f062d7035bf</arg>
		<arg name='symtab'>no</arg>
	</msg>
	<!-- Instrumentation of /lib64/libnl-route-3.so.200 image skipped because of filter conditions [cs-mode]. -->
	<!-- Update image info for [20:0x7F062D276000:NN] /lib64/libnl-3.so.200 -->
	<msg id='22' display='false' source='trc'>
		<type>LOAD_MODULE</type>
		<severity>INFO</severity>
		<timestamp>Thu Aug 15 16:51:57 2024</timestamp>
		<arg name='module'>/lib64/libnl-3.so.200</arg>
		<arg name='basement'>0x7f062d276000</arg>
		<arg name='ceiling'>0x7f062d4968c7</arg>
		<arg name='symtab'>no</arg>
	</msg>
	<!-- Instrumentation of /lib64/libnl-3.so.200 image skipped because of filter conditions [cs-mode]. -->
	<!-- Update image info for [21:0x7F062CFEC000:YN] /home/apps/spack/opt/spack/linux-centos7-cascadelake/gcc-11.2.0/libpciaccess-0.16-cnsuydopm5t3k57rozbjqkx23jxie5gy/lib/libpciaccess.so.0 -->
	<msg id='23' display='false' source='trc'>
		<type>LOAD_MODULE</type>
		<severity>INFO</severity>
		<timestamp>Thu Aug 15 16:51:57 2024</timestamp>
		<arg name='module'>/home/apps/spack/opt/spack/linux-centos7-cascadelake/gcc-11.2.0/libpciaccess-0.16-cnsuydopm5t3k57rozbjqkx23jxie5gy/lib/libpciaccess.so.0</arg>
		<arg name='basement'>0x7f062cfec000</arg>
		<arg name='ceiling'>0x7f062d1f4207</arg>
		<arg name='symtab'>yes</arg>
	</msg>
	<!-- Instrumenting image: id = 21, name = /home/apps/spack/opt/spack/linux-centos7-cascadelake/gcc-11.2.0/libpciaccess-0.16-cnsuydopm5t3k57rozbjqkx23jxie5gy/lib/libpciaccess.so.0 -->
	<!-- Instrumenting loops in routine "populate_vendor" -->
	<!-- Instrumenting loops in routine "find_device_name" -->
	<!-- Update image info for [22:0x7F062CC83000:YN] /home/apps/spack/opt/spack/linux-centos7-cascadelake/gcc-11.2.0/libxml2-2.9.12-kay3j2c6lwgtulz5lsosyvyv462cbzil/lib/libxml2.so.2 -->
	<msg id='24' display='false' source='trc'>
		<type>LOAD_MODULE</type>
		<severity>INFO</severity>
		<timestamp>Thu Aug 15 16:51:57 2024</timestamp>
		<arg name='module'>/home/apps/spack/opt/spack/linux-centos7-cascadelake/gcc-11.2.0/libxml2-2.9.12-kay3j2c6lwgtulz5lsosyvyv462cbzil/lib/libxml2.so.2</arg>
		<arg name='basement'>0x7f062cc83000</arg>
		<arg name='ceiling'>0x7f062cfeb427</arg>
		<arg name='symtab'>yes</arg>
	</msg>
	<!-- Instrumentation of /home/apps/spack/opt/spack/linux-centos7-cascadelake/gcc-11.2.0/libxml2-2.9.12-kay3j2c6lwgtulz5lsosyvyv462cbzil/lib/libxml2.so.2 image skipped because of filter conditions [cs-mode]. -->
	<!-- Update image info for [23:0x7F062CA5C000:YN] /home/apps/spack/opt/spack/linux-centos7-cascadelake/gcc-11.2.0/xz-5.2.5-ah4yqsq3h4fyip47pjw4vvv4nu3xl7qa/lib/liblzma.so.5 -->
	<msg id='25' display='false' source='trc'>
		<type>LOAD_MODULE</type>
		<severity>INFO</severity>
		<timestamp>Thu Aug 15 16:51:57 2024</timestamp>
		<arg name='module'>/home/apps/spack/opt/spack/linux-centos7-cascadelake/gcc-11.2.0/xz-5.2.5-ah4yqsq3h4fyip47pjw4vvv4nu3xl7qa/lib/liblzma.so.5</arg>
		<arg name='basement'>0x7f062ca5c000</arg>
		<arg name='ceiling'>0x7f062cc82297</arg>
		<arg name='symtab'>yes</arg>
	</msg>
	<!-- Instrumentation of /home/apps/spack/opt/spack/linux-centos7-cascadelake/gcc-11.2.0/xz-5.2.5-ah4yqsq3h4fyip47pjw4vvv4nu3xl7qa/lib/liblzma.so.5 image skipped because of filter conditions [cs-mode]. -->
	<!-- Update image info for [24:0x7F062C75F000:YN] /home/apps/spack/opt/spack/linux-centos7-cascadelake/gcc-11.2.0/libiconv-1.16-mm6aw6xtwmip37hy5h6fikz4gg3mtl4n/lib/libiconv.so.2 -->
	<msg id='26' display='false' source='trc'>
		<type>LOAD_MODULE</type>
		<severity>INFO</severity>
		<timestamp>Thu Aug 15 16:51:57 2024</timestamp>
		<arg name='module'>/home/apps/spack/opt/spack/linux-centos7-cascadelake/gcc-11.2.0/libiconv-1.16-mm6aw6xtwmip37hy5h6fikz4gg3mtl4n/lib/libiconv.so.2</arg>
		<arg name='basement'>0x7f062c75f000</arg>
		<arg name='ceiling'>0x7f062ca5b0af</arg>
		<arg name='symtab'>yes</arg>
	</msg>
	<!-- Instrumentation of /home/apps/spack/opt/spack/linux-centos7-cascadelake/gcc-11.2.0/libiconv-1.16-mm6aw6xtwmip37hy5h6fikz4gg3mtl4n/lib/libiconv.so.2 image skipped because of filter conditions [cs-mode]. -->
	<msg id='27' display='false' source='trc'>
		<type>UNLOAD_MODULE</type>
		<severity>INFO</severity>
		<timestamp>Thu Aug 15 16:53:25 2024</timestamp>
		<arg name='module'>/home/apps/spack/opt/spack/linux-centos7-cascadelake/gcc-11.2.0/openmpi-4.1.1-ng5onpe6lgk5uw65blmf7656dtucqoi3/bin/orted</arg>
	</msg>
	<msg id='28' display='false' source='trc'>
		<type>UNLOAD_MODULE</type>
		<severity>INFO</severity>
		<timestamp>Thu Aug 15 16:53:25 2024</timestamp>
		<arg name='module'>/lib64/ld-linux-x86-64.so.2</arg>
	</msg>
	<msg id='29' display='false' source='trc'>
		<type>UNLOAD_MODULE</type>
		<severity>INFO</severity>
		<timestamp>Thu Aug 15 16:53:25 2024</timestamp>
		<arg name='module'>[vdso]</arg>
	</msg>
	<msg id='30' display='false' source='trc'>
		<type>UNLOAD_MODULE</type>
		<severity>INFO</severity>
		<timestamp>Thu Aug 15 16:53:25 2024</timestamp>
		<arg name='module'>/home/apps/spack/opt/spack/linux-centos7-cascadelake/gcc-11.2.0/openmpi-4.1.1-ng5onpe6lgk5uw65blmf7656dtucqoi3/lib/libopen-rte.so.40</arg>
	</msg>
	<msg id='31' display='false' source='trc'>
		<type>UNLOAD_MODULE</type>
		<severity>INFO</severity>
		<timestamp>Thu Aug 15 16:53:25 2024</timestamp>
		<arg name='module'>/home/apps/spack/opt/spack/linux-centos7-cascadelake/gcc-11.2.0/openmpi-4.1.1-ng5onpe6lgk5uw65blmf7656dtucqoi3/lib/libopen-pal.so.40</arg>
	</msg>
	<msg id='32' display='false' source='trc'>
		<type>UNLOAD_MODULE</type>
		<severity>INFO</severity>
		<timestamp>Thu Aug 15 16:53:25 2024</timestamp>
		<arg name='module'>/home/apps/spack/opt/spack/linux-centos7-cascadelake/gcc-11.2.0/openmpi-4.1.1-ng5onpe6lgk5uw65blmf7656dtucqoi3/lib/libopen-orted-mpir.so</arg>
	</msg>
	<msg id='33' display='false' source='trc'>
		<type>UNLOAD_MODULE</type>
		<severity>INFO</severity>
		<timestamp>Thu Aug 15 16:53:25 2024</timestamp>
		<arg name='module'>/lib64/librdmacm.so.1</arg>
	</msg>
	<msg id='34' display='false' source='trc'>
		<type>UNLOAD_MODULE</type>
		<severity>INFO</severity>
		<timestamp>Thu Aug 15 16:53:25 2024</timestamp>
		<arg name='module'>/lib64/libibverbs.so.1</arg>
	</msg>
	<msg id='35' display='false' source='trc'>
		<type>UNLOAD_MODULE</type>
		<severity>INFO</severity>
		<timestamp>Thu Aug 15 16:53:25 2024</timestamp>
		<arg name='module'>/lib64/libdl.so.2</arg>
	</msg>
	<msg id='36' display='false' source='trc'>
		<type>UNLOAD_MODULE</type>
		<severity>INFO</severity>
		<timestamp>Thu Aug 15 16:53:25 2024</timestamp>
		<arg name='module'>/lib64/librt.so.1</arg>
	</msg>
	<msg id='37' display='false' source='trc'>
		<type>UNLOAD_MODULE</type>
		<severity>INFO</severity>
		<timestamp>Thu Aug 15 16:53:25 2024</timestamp>
		<arg name='module'>/lib64/libm.so.6</arg>
	</msg>
	<msg id='38' display='false' source='trc'>
		<type>UNLOAD_MODULE</type>
		<severity>INFO</severity>
		<timestamp>Thu Aug 15 16:53:25 2024</timestamp>
		<arg name='module'>/lib64/libutil.so.1</arg>
	</msg>
	<msg id='39' display='false' source='trc'>
		<type>UNLOAD_MODULE</type>
		<severity>INFO</severity>
		<timestamp>Thu Aug 15 16:53:25 2024</timestamp>
		<arg name='module'>/home/apps/spack/opt/spack/linux-centos7-cascadelake/gcc-11.2.0/zlib-1.2.11-2r3jtjxvltasn7jh64vhgfg6ikrckiy7/lib/libz.so.1</arg>
	</msg>
	<msg id='40' display='false' source='trc'>
		<type>UNLOAD_MODULE</type>
		<severity>INFO</severity>
		<timestamp>Thu Aug 15 16:53:25 2024</timestamp>
		<arg name='module'>/home/apps/spack/opt/spack/linux-centos7-cascadelake/gcc-11.2.0/hwloc-2.6.0-rsbdipafg2udtzjjkohyqkzl6gjubakg/lib/libhwloc.so.15</arg>
	</msg>
	<msg id='41' display='false' source='trc'>
		<type>UNLOAD_MODULE</type>
		<severity>INFO</severity>
		<timestamp>Thu Aug 15 16:53:25 2024</timestamp>
		<arg name='module'>/home/apps/spack/opt/spack/linux-centos7-cascadelake/gcc-11.2.0/libevent-2.1.12-g3uxob6tamxinfaysf4ttc3nx5pjzb4h/lib/libevent_core-2.1.so.7</arg>
	</msg>
	<msg id='42' display='false' source='trc'>
		<type>UNLOAD_MODULE</type>
		<severity>INFO</severity>
		<timestamp>Thu Aug 15 16:53:25 2024</timestamp>
		<arg name='module'>/home/apps/spack/opt/spack/linux-centos7-cascadelake/gcc-11.2.0/libevent-2.1.12-g3uxob6tamxinfaysf4ttc3nx5pjzb4h/lib/libevent_pthreads-2.1.so.7</arg>
	</msg>
	<msg id='43' display='false' source='trc'>
		<type>UNLOAD_MODULE</type>
		<severity>INFO</severity>
		<timestamp>Thu Aug 15 16:53:25 2024</timestamp>
		<arg name='module'>/lib64/libpthread.so.0</arg>
	</msg>
	<msg id='44' display='false' source='trc'>
		<type>UNLOAD_MODULE</type>
		<severity>INFO</severity>
		<timestamp>Thu Aug 15 16:53:25 2024</timestamp>
		<arg name='module'>/lib64/libc.so.6</arg>
	</msg>
	<msg id='45' display='false' source='trc'>
		<type>UNLOAD_MODULE</type>
		<severity>INFO</severity>
		<timestamp>Thu Aug 15 16:53:25 2024</timestamp>
		<arg name='module'>/lib64/libnl-route-3.so.200</arg>
	</msg>
	<msg id='46' display='false' source='trc'>
		<type>UNLOAD_MODULE</type>
		<severity>INFO</severity>
		<timestamp>Thu Aug 15 16:53:25 2024</timestamp>
		<arg name='module'>/lib64/libnl-3.so.200</arg>
	</msg>
	<msg id='47' display='false' source='trc'>
		<type>UNLOAD_MODULE</type>
		<severity>INFO</severity>
		<timestamp>Thu Aug 15 16:53:25 2024</timestamp>
		<arg name='module'>/home/apps/spack/opt/spack/linux-centos7-cascadelake/gcc-11.2.0/libpciaccess-0.16-cnsuydopm5t3k57rozbjqkx23jxie5gy/lib/libpciaccess.so.0</arg>
	</msg>
	<msg id='48' display='false' source='trc'>
		<type>UNLOAD_MODULE</type>
		<severity>INFO</severity>
		<timestamp>Thu Aug 15 16:53:25 2024</timestamp>
		<arg name='module'>/home/apps/spack/opt/spack/linux-centos7-cascadelake/gcc-11.2.0/libxml2-2.9.12-kay3j2c6lwgtulz5lsosyvyv462cbzil/lib/libxml2.so.2</arg>
	</msg>
	<msg id='49' display='false' source='trc'>
		<type>UNLOAD_MODULE</type>
		<severity>INFO</severity>
		<timestamp>Thu Aug 15 16:53:25 2024</timestamp>
		<arg name='module'>/home/apps/spack/opt/spack/linux-centos7-cascadelake/gcc-11.2.0/xz-5.2.5-ah4yqsq3h4fyip47pjw4vvv4nu3xl7qa/lib/liblzma.so.5</arg>
	</msg>
	<msg id='50' display='false' source='trc'>
		<type>UNLOAD_MODULE</type>
		<severity>INFO</severity>
		<timestamp>Thu Aug 15 16:53:25 2024</timestamp>
		<arg name='module'>/home/apps/spack/opt/spack/linux-centos7-cascadelake/gcc-11.2.0/libiconv-1.16-mm6aw6xtwmip37hy5h6fikz4gg3mtl4n/lib/libiconv.so.2</arg>
	</msg>
	<msg id='51' display='false' source='trc'>
		<type>PROCESS_FINISH</type>
		<severity>INFO</severity>
		<timestamp>Thu Aug 15 16:53:25 2024</timestamp>
		<arg name='process'>/home/apps/spack/opt/spack/linux-centos7-cascadelake/gcc-11.2.0/openmpi-4.1.1-ng5onpe6lgk5uw65blmf7656dtucqoi3/bin/orted</arg>
		<arg name='pid'>106012</arg>
		<arg name='exitcode'>0x0</arg>
	</msg>
	<!-- Application exited with code 0 -->
</log>