<?xml version="1.0" encoding="utf-8" ?>
<!-- DO NOT EDIT THIS FILE -->

<log version='2.0' source='trc'>
	<msg id='1' display='false' source='trc'>
		<type>PROCESS_START</type>
		<severity>INFO</severity>
		<timestamp>Thu Aug 15 16:51:51 2024</timestamp>
		<arg name='process'>/home/user2/project/project/option_pricing_openmpi</arg>
		<arg name='pid'>105994</arg>
	</msg>
	<!-- Instrumentation filter's state:
    Patterns applicability:
        Generic loop pattern.....................: enabled
        Generic loop pattern (with dynamic jumps): enabled
        Known trip value loop pattern............: enabled
        Runtime final value loop pattern.........: enabled
        No initial IV loop pattern...............: enabled
        IV step only loop pattern................: enabled
        No entry loop pattern....................: enabled
    Clustered memory model (CMM) applicability:
        Generic loop pattern.....................: enabled
        Generic loop pattern (with dynamic jumps): enabled
        Known trip value loop pattern............: enabled
        Runtime final value loop pattern.........: enabled
        No initial IV loop pattern...............: enabled
        IV step only loop pattern................: enabled
        No entry loop pattern....................: disabled
 -->
	<!-- Callstack mode:
    filter modules.........: true
    filter routines........: true
    count loops............: true
    count flops............: true
    trace..................: false
    extended trace.........: false
    omp trace..............: false
    jit trace..............: false
    failures trace.........: false
    dump raw...............: false
    dump final.............: false
    dump all...............: false
    stack stitching........: true
    stl profiling..........: true
    aggressive frame switch: true
    unwind frame exit......: true
    analyze child loops....: true
 -->
	<!-- Managed application profiling: -->
	<!-- 	State...................: enabled -->
	<!-- Gpu Profiling: -->
	<!-- 	State: disabled -->
	<!-- Creating caches according to description: 6:64w:4k/1:480w:3840k/1:16w:12m -->
	<!-- Created cache simulator with the following features: empty feature, random set sampler, generic random set mapper, bb attribution, default tag, empty feature with size 12582912, associativity 16, and sampling 0.100000 -->
	<!-- Created cache simulator with the following features: set locker, random set sampler, fast random set mapper, bb attribution, default tag, empty feature with size 3932160, associativity 480, and sampling 0.100000 -->
	<!-- Created cache simulator with the following features: empty feature, empty feature, fast trivial set mapper, bb attribution, default tag, empty feature with size 4096, associativity 64, and sampling 1.000000 -->
	<!-- Created cache simulator with the following features: empty feature, empty feature, fast trivial set mapper, bb attribution, default tag, empty feature with size 4096, associativity 64, and sampling 1.000000 -->
	<!-- Created cache simulator with the following features: empty feature, empty feature, fast trivial set mapper, bb attribution, default tag, empty feature with size 4096, associativity 64, and sampling 1.000000 -->
	<!-- Created cache simulator with the following features: empty feature, empty feature, fast trivial set mapper, bb attribution, default tag, empty feature with size 4096, associativity 64, and sampling 1.000000 -->
	<!-- Created cache simulator with the following features: empty feature, empty feature, fast trivial set mapper, bb attribution, default tag, empty feature with size 4096, associativity 64, and sampling 1.000000 -->
	<!-- Created cache simulator with the following features: empty feature, empty feature, fast trivial set mapper, bb attribution, default tag, empty feature with size 4096, associativity 64, and sampling 1.000000 -->
	<!-- Cache hierarchy created. Status=success -->
	<msg id='2' display='false' source='trc'>
		<type>PROCESS_ANALYSIS_MODE</type>
		<severity>INFO</severity>
		<timestamp>Thu Aug 15 16:51:51 2024</timestamp>
		<arg name='mode'>full</arg>
	</msg>
	<!-- Update image info for [1:0x400000:YN] /home/user2/project/project/option_pricing_openmpi -->
	<msg id='3' display='false' source='trc'>
		<type>LOAD_MODULE</type>
		<severity>INFO</severity>
		<timestamp>Thu Aug 15 16:51:51 2024</timestamp>
		<arg name='module'>/home/user2/project/project/option_pricing_openmpi</arg>
		<arg name='basement'>0x400000</arg>
		<arg name='ceiling'>0x604617</arg>
		<arg name='symtab'>yes</arg>
	</msg>
	<!-- Instrumenting image: id = 1, name = /home/user2/project/project/option_pricing_openmpi -->
	<!-- Instrumenting loops in routine "simulatePath" -->
	<!-- Instrumenting loops in routine "main" -->
	<!-- Instrumenting loops in routine "_ZSt9__fill_a1IPffEN9__gnu_cxx11__enable_ifIXsrSt11__is_scalarIT0_E7__valueEvE6__typeET_S8_RKS4_" -->
	<!-- Update image info for [2:0x7FE1834C6000:YN] /lib64/ld-linux-x86-64.so.2 -->
	<msg id='4' display='false' source='trc'>
		<type>LOAD_MODULE</type>
		<severity>INFO</severity>
		<timestamp>Thu Aug 15 16:51:51 2024</timestamp>
		<arg name='module'>/lib64/ld-linux-x86-64.so.2</arg>
		<arg name='basement'>0x7fe1834c6000</arg>
		<arg name='ceiling'>0x7fe1836e914f</arg>
		<arg name='symtab'>yes</arg>
	</msg>
	<!-- Instrumentation of /lib64/ld-linux-x86-64.so.2 image skipped because of filter conditions [cs-mode]. -->
	<!-- Update image info for [3:0x7FFF38EC2000:NN] [vdso] -->
	<msg id='5' display='false' source='trc'>
		<type>LOAD_MODULE</type>
		<severity>INFO</severity>
		<timestamp>Thu Aug 15 16:51:51 2024</timestamp>
		<arg name='module'>[vdso]</arg>
		<arg name='basement'>0x7fff38ec2000</arg>
		<arg name='ceiling'>0x7fff38ec2e6c</arg>
		<arg name='symtab'>no</arg>
	</msg>
	<!-- Instrumentation of [vdso] image skipped because of filter conditions [cs-mode]. -->
	<!-- Update image info for [4:0x7FE16D32A000:YN] /home/apps/spack/opt/spack/linux-centos7-cascadelake/gcc-11.2.0/openmpi-4.1.1-ng5onpe6lgk5uw65blmf7656dtucqoi3/lib/libmpi.so.40 -->
	<msg id='6' display='false' source='trc'>
		<type>LOAD_MODULE</type>
		<severity>INFO</severity>
		<timestamp>Thu Aug 15 16:51:52 2024</timestamp>
		<arg name='module'>/home/apps/spack/opt/spack/linux-centos7-cascadelake/gcc-11.2.0/openmpi-4.1.1-ng5onpe6lgk5uw65blmf7656dtucqoi3/lib/libmpi.so.40</arg>
		<arg name='basement'>0x7fe16d32a000</arg>
		<arg name='ceiling'>0x7fe16d814197</arg>
		<arg name='symtab'>yes</arg>
	</msg>
	<!-- Instrumentation of /home/apps/spack/opt/spack/linux-centos7-cascadelake/gcc-11.2.0/openmpi-4.1.1-ng5onpe6lgk5uw65blmf7656dtucqoi3/lib/libmpi.so.40 image skipped because of filter conditions. -->
	<!-- Update image info for [5:0x7FE16CE9D000:YN] /home/apps/spack/opt/spack/linux-centos7-haswell/gcc-4.8.5/gcc-11.2.0-yqde46ks5t2vg2szmjvadwjv6uwmmytl/lib64/libstdc++.so.6 -->
	<msg id='7' display='false' source='trc'>
		<type>LOAD_MODULE</type>
		<severity>INFO</severity>
		<timestamp>Thu Aug 15 16:51:52 2024</timestamp>
		<arg name='module'>/home/apps/spack/opt/spack/linux-centos7-haswell/gcc-4.8.5/gcc-11.2.0-yqde46ks5t2vg2szmjvadwjv6uwmmytl/lib64/libstdc++.so.6</arg>
		<arg name='basement'>0x7fe16ce9d000</arg>
		<arg name='ceiling'>0x7fe16d2a393f</arg>
		<arg name='symtab'>yes</arg>
	</msg>
	<!-- Instrumentation of /home/apps/spack/opt/spack/linux-centos7-haswell/gcc-4.8.5/gcc-11.2.0-yqde46ks5t2vg2szmjvadwjv6uwmmytl/lib64/libstdc++.so.6 image skipped because of filter conditions [cs-mode]. -->
	<!-- Update image info for [6:0x7FE16CA45000:YN] /lib64/libm.so.6 -->
	<msg id='8' display='false' source='trc'>
		<type>LOAD_MODULE</type>
		<severity>INFO</severity>
		<timestamp>Thu Aug 15 16:51:52 2024</timestamp>
		<arg name='module'>/lib64/libm.so.6</arg>
		<arg name='basement'>0x7fe16ca45000</arg>
		<arg name='ceiling'>0x7fe16cd46137</arg>
		<arg name='symtab'>yes</arg>
	</msg>
	<!-- Instrumentation of /lib64/libm.so.6 image skipped because of filter conditions [cs-mode]. -->
	<!-- Update image info for [7:0x7FE16C828000:YN] /home/apps/spack/opt/spack/linux-centos7-haswell/gcc-4.8.5/gcc-11.2.0-yqde46ks5t2vg2szmjvadwjv6uwmmytl/lib64/libgcc_s.so.1 -->
	<msg id='9' display='false' source='trc'>
		<type>LOAD_MODULE</type>
		<severity>INFO</severity>
		<timestamp>Thu Aug 15 16:51:52 2024</timestamp>
		<arg name='module'>/home/apps/spack/opt/spack/linux-centos7-haswell/gcc-4.8.5/gcc-11.2.0-yqde46ks5t2vg2szmjvadwjv6uwmmytl/lib64/libgcc_s.so.1</arg>
		<arg name='basement'>0x7fe16c828000</arg>
		<arg name='ceiling'>0x7fe16ca3f447</arg>
		<arg name='symtab'>yes</arg>
	</msg>
	<!-- Instrumentation of /home/apps/spack/opt/spack/linux-centos7-haswell/gcc-4.8.5/gcc-11.2.0-yqde46ks5t2vg2szmjvadwjv6uwmmytl/lib64/libgcc_s.so.1 image skipped because of filter conditions [cs-mode]. -->
	<!-- Update image info for [8:0x7FE16C60C000:YN] /lib64/libpthread.so.0 -->
	<msg id='10' display='false' source='trc'>
		<type>LOAD_MODULE</type>
		<severity>INFO</severity>
		<timestamp>Thu Aug 15 16:51:52 2024</timestamp>
		<arg name='module'>/lib64/libpthread.so.0</arg>
		<arg name='basement'>0x7fe16c60c000</arg>
		<arg name='ceiling'>0x7fe16c827487</arg>
		<arg name='symtab'>yes</arg>
	</msg>
	<!-- Instrumentation of /lib64/libpthread.so.0 image skipped because of filter conditions. -->
	<!-- Update image info for [9:0x7FE16C23E000:YN] /lib64/libc.so.6 -->
	<msg id='11' display='false' source='trc'>
		<type>LOAD_MODULE</type>
		<severity>INFO</severity>
		<timestamp>Thu Aug 15 16:51:52 2024</timestamp>
		<arg name='module'>/lib64/libc.so.6</arg>
		<arg name='basement'>0x7fe16c23e000</arg>
		<arg name='ceiling'>0x7fe16c60b1ff</arg>
		<arg name='symtab'>yes</arg>
	</msg>
	<!-- Instrumentation of /lib64/libc.so.6 image skipped because of filter conditions. -->
	<!-- Update image info for [10:0x7FE16BEA0000:YN] /home/apps/spack/opt/spack/linux-centos7-cascadelake/gcc-11.2.0/openmpi-4.1.1-ng5onpe6lgk5uw65blmf7656dtucqoi3/lib/libopen-rte.so.40 -->
	<msg id='12' display='false' source='trc'>
		<type>LOAD_MODULE</type>
		<severity>INFO</severity>
		<timestamp>Thu Aug 15 16:51:53 2024</timestamp>
		<arg name='module'>/home/apps/spack/opt/spack/linux-centos7-cascadelake/gcc-11.2.0/openmpi-4.1.1-ng5onpe6lgk5uw65blmf7656dtucqoi3/lib/libopen-rte.so.40</arg>
		<arg name='basement'>0x7fe16bea0000</arg>
		<arg name='ceiling'>0x7fe16c1bdf87</arg>
		<arg name='symtab'>yes</arg>
	</msg>
	<!-- Instrumenting image: id = 10, name = /home/apps/spack/opt/spack/linux-centos7-cascadelake/gcc-11.2.0/openmpi-4.1.1-ng5onpe6lgk5uw65blmf7656dtucqoi3/lib/libopen-rte.so.40 -->
	<!-- Instrumenting loops in routine "orte_daemon" -->
	<!-- Instrumenting loops in routine "pmix_server_init" -->
	<!-- Instrumenting loops in routine "orte_ess_base_proc_binding" -->
	<!-- Instrumenting loops in routine "rte_init.part.0" -->
	<!-- Instrumenting loops in routine "rte_init" -->
	<!-- Instrumenting loops in routine "orte_oob_base_select" -->
	<!-- Instrumenting loops in routine "listen_thread" -->
	<!-- Instrumenting loops in routine "orte_oob_tcp_start_listening" -->
	<!-- Update image info for [11:0x7FE16BC9D000:YN] /home/apps/spack/opt/spack/linux-centos7-cascadelake/gcc-11.2.0/openmpi-4.1.1-ng5onpe6lgk5uw65blmf7656dtucqoi3/lib/libopen-orted-mpir.so -->
	<msg id='13' display='false' source='trc'>
		<type>LOAD_MODULE</type>
		<severity>INFO</severity>
		<timestamp>Thu Aug 15 16:51:53 2024</timestamp>
		<arg name='module'>/home/apps/spack/opt/spack/linux-centos7-cascadelake/gcc-11.2.0/openmpi-4.1.1-ng5onpe6lgk5uw65blmf7656dtucqoi3/lib/libopen-orted-mpir.so</arg>
		<arg name='basement'>0x7fe16bc9d000</arg>
		<arg name='ceiling'>0x7fe16be9f8af</arg>
		<arg name='symtab'>yes</arg>
	</msg>
	<!-- Instrumentation of /home/apps/spack/opt/spack/linux-centos7-cascadelake/gcc-11.2.0/openmpi-4.1.1-ng5onpe6lgk5uw65blmf7656dtucqoi3/lib/libopen-orted-mpir.so image skipped because of filter conditions [cs-mode]. -->
	<!-- Update image info for [12:0x7FE16B80B000:YN] /home/apps/spack/opt/spack/linux-centos7-cascadelake/gcc-11.2.0/openmpi-4.1.1-ng5onpe6lgk5uw65blmf7656dtucqoi3/lib/libopen-pal.so.40 -->
	<msg id='14' display='false' source='trc'>
		<type>LOAD_MODULE</type>
		<severity>INFO</severity>
		<timestamp>Thu Aug 15 16:51:53 2024</timestamp>
		<arg name='module'>/home/apps/spack/opt/spack/linux-centos7-cascadelake/gcc-11.2.0/openmpi-4.1.1-ng5onpe6lgk5uw65blmf7656dtucqoi3/lib/libopen-pal.so.40</arg>
		<arg name='basement'>0x7fe16b80b000</arg>
		<arg name='ceiling'>0x7fe16bc9c1d7</arg>
		<arg name='symtab'>yes</arg>
	</msg>
	<!-- Instrumenting image: id = 12, name = /home/apps/spack/opt/spack/linux-centos7-cascadelake/gcc-11.2.0/openmpi-4.1.1-ng5onpe6lgk5uw65blmf7656dtucqoi3/lib/libopen-pal.so.40 -->
	<!-- Instrumenting loops in routine "progress_engine" -->
	<!-- Instrumenting loops in routine "opal_progress_thread_init" -->
	<!-- Instrumenting loops in routine "mca_base_var_finalize" -->
	<!-- Instrumenting loops in routine "mca_base_var_group_finalize" -->
	<!-- Instrumenting loops in routine "opal_hwloc_base_get_topology" -->
	<!-- Instrumenting loops in routine "pmix3x_client_init" with dynamic jumps -->
	<!-- Instrumenting loops in routine "pmix3x_server_init" with dynamic jumps -->
	<!-- Instrumenting loops in routine "_update_ns_elem" -->
	<!-- Instrumenting loops in routine "_dstore_store_nolock" -->
	<!-- Instrumenting loops in routine "_store_job_info" -->
	<!-- Instrumenting loops in routine "pmix_common_dstor_register_job_info" -->
	<!-- Instrumenting loops in routine "pmix_gds_open" -->
	<!-- Instrumenting loops in routine "pmix_pinstall_dirs_base_init" -->
	<!-- Instrumenting loops in routine "pmix_pinstall_dirs_expand_internal" -->
	<!-- Instrumenting loops in routine "PMIx_Init" with dynamic jumps -->
	<!-- Instrumenting loops in routine "pmix_rte_init" with dynamic jumps -->
	<!-- Instrumenting loops in routine "pmix_mca_base_framework_components_open" -->
	<!-- Instrumenting loops in routine "progress_engine" -->
	<!-- Instrumenting loops in routine "pmix_progress_thread_start" -->
	<!-- Instrumenting loops in routine "PMIx_server_init" with dynamic jumps -->
	<!-- Instrumenting loops in routine "server_switchyard" with dynamic jumps -->
	<!-- Instrumenting loops in routine "pmix_server_message_handler" -->
	<!-- Instrumenting loops in routine "listen_thread" -->
	<!-- Instrumenting loops in routine "pmix_ptl_base_start_listening" -->
	<!-- Instrumenting loops in routine "pmix_ptl_base_process_msg" with dynamic jumps -->
	<!-- Update image info for [13:0x7FE16B5E3000:NN] /lib64/librdmacm.so.1 -->
	<msg id='15' display='false' source='trc'>
		<type>LOAD_MODULE</type>
		<severity>INFO</severity>
		<timestamp>Thu Aug 15 16:51:54 2024</timestamp>
		<arg name='module'>/lib64/librdmacm.so.1</arg>
		<arg name='basement'>0x7fe16b5e3000</arg>
		<arg name='ceiling'>0x7fe16b7f9267</arg>
		<arg name='symtab'>no</arg>
	</msg>
	<!-- Instrumentation of /lib64/librdmacm.so.1 image skipped because of filter conditions [cs-mode]. -->
	<!-- Update image info for [14:0x7FE16B3CA000:NN] /lib64/libibverbs.so.1 -->
	<msg id='16' display='false' source='trc'>
		<type>LOAD_MODULE</type>
		<severity>INFO</severity>
		<timestamp>Thu Aug 15 16:51:54 2024</timestamp>
		<arg name='module'>/lib64/libibverbs.so.1</arg>
		<arg name='basement'>0x7fe16b3ca000</arg>
		<arg name='ceiling'>0x7fe16b5e266f</arg>
		<arg name='symtab'>no</arg>
	</msg>
	<!-- Instrumentation of /lib64/libibverbs.so.1 image skipped because of filter conditions [cs-mode]. -->
	<!-- Update image info for [15:0x7FE16B1C6000:YN] /lib64/libdl.so.2 -->
	<msg id='17' display='false' source='trc'>
		<type>LOAD_MODULE</type>
		<severity>INFO</severity>
		<timestamp>Thu Aug 15 16:51:54 2024</timestamp>
		<arg name='module'>/lib64/libdl.so.2</arg>
		<arg name='basement'>0x7fe16b1c6000</arg>
		<arg name='ceiling'>0x7fe16b3c912f</arg>
		<arg name='symtab'>yes</arg>
	</msg>
	<!-- Instrumentation of /lib64/libdl.so.2 image skipped because of filter conditions [cs-mode]. -->
	<!-- Update image info for [16:0x7FE16AFBE000:YN] /lib64/librt.so.1 -->
	<msg id='18' display='false' source='trc'>
		<type>LOAD_MODULE</type>
		<severity>INFO</severity>
		<timestamp>Thu Aug 15 16:51:54 2024</timestamp>
		<arg name='module'>/lib64/librt.so.1</arg>
		<arg name='basement'>0x7fe16afbe000</arg>
		<arg name='ceiling'>0x7fe16b1c5c37</arg>
		<arg name='symtab'>yes</arg>
	</msg>
	<!-- Instrumentation of /lib64/librt.so.1 image skipped because of filter conditions [cs-mode]. -->
	<!-- Update image info for [17:0x7FE16ADBB000:YN] /lib64/libutil.so.1 -->
	<msg id='19' display='false' source='trc'>
		<type>LOAD_MODULE</type>
		<severity>INFO</severity>
		<timestamp>Thu Aug 15 16:51:54 2024</timestamp>
		<arg name='module'>/lib64/libutil.so.1</arg>
		<arg name='basement'>0x7fe16adbb000</arg>
		<arg name='ceiling'>0x7fe16afbd10f</arg>
		<arg name='symtab'>yes</arg>
	</msg>
	<!-- Instrumentation of /lib64/libutil.so.1 image skipped because of filter conditions [cs-mode]. -->
	<!-- Update image info for [18:0x7FE16ABA4000:YN] /home/apps/spack/opt/spack/linux-centos7-cascadelake/gcc-11.2.0/zlib-1.2.11-2r3jtjxvltasn7jh64vhgfg6ikrckiy7/lib/libz.so.1 -->
	<msg id='20' display='false' source='trc'>
		<type>LOAD_MODULE</type>
		<severity>INFO</severity>
		<timestamp>Thu Aug 15 16:51:54 2024</timestamp>
		<arg name='module'>/home/apps/spack/opt/spack/linux-centos7-cascadelake/gcc-11.2.0/zlib-1.2.11-2r3jtjxvltasn7jh64vhgfg6ikrckiy7/lib/libz.so.1</arg>
		<arg name='basement'>0x7fe16aba4000</arg>
		<arg name='ceiling'>0x7fe16adba18f</arg>
		<arg name='symtab'>yes</arg>
	</msg>
	<!-- Instrumentation of /home/apps/spack/opt/spack/linux-centos7-cascadelake/gcc-11.2.0/zlib-1.2.11-2r3jtjxvltasn7jh64vhgfg6ikrckiy7/lib/libz.so.1 image skipped because of filter conditions [cs-mode]. -->
	<!-- Update image info for [19:0x7FE16A949000:YN] /home/apps/spack/opt/spack/linux-centos7-cascadelake/gcc-11.2.0/hwloc-2.6.0-rsbdipafg2udtzjjkohyqkzl6gjubakg/lib/libhwloc.so.15 -->
	<msg id='21' display='false' source='trc'>
		<type>LOAD_MODULE</type>
		<severity>INFO</severity>
		<timestamp>Thu Aug 15 16:51:54 2024</timestamp>
		<arg name='module'>/home/apps/spack/opt/spack/linux-centos7-cascadelake/gcc-11.2.0/hwloc-2.6.0-rsbdipafg2udtzjjkohyqkzl6gjubakg/lib/libhwloc.so.15</arg>
		<arg name='basement'>0x7fe16a949000</arg>
		<arg name='ceiling'>0x7fe16aba3a77</arg>
		<arg name='symtab'>yes</arg>
	</msg>
	<!-- Instrumenting image: id = 19, name = /home/apps/spack/opt/spack/linux-centos7-cascadelake/gcc-11.2.0/hwloc-2.6.0-rsbdipafg2udtzjjkohyqkzl6gjubakg/lib/libhwloc.so.15 -->
	<!-- Instrumenting loops in routine "hwloc_discover_by_phase.constprop.0.isra.0" -->
	<!-- Instrumenting loops in routine "hwloc_bitmap_first" -->
	<!-- Instrumenting loops in routine "hwloc_look_pci" -->
	<!-- Instrumenting loops in routine "hwloc__read_path_as_cpumask" -->
	<!-- Instrumenting loops in routine "look_sysfscpu" -->
	<!-- Instrumenting loops in routine "hwloc_look_linuxfs" -->
	<!-- Instrumenting loops in routine "hwloc_linux_set_tid_cpubind" -->
	<!-- Instrumenting loops in routine "hwloc_look_x86" -->
	<!-- Update image info for [20:0x7FE16A714000:YN] /home/apps/spack/opt/spack/linux-centos7-cascadelake/gcc-11.2.0/libevent-2.1.12-g3uxob6tamxinfaysf4ttc3nx5pjzb4h/lib/libevent_core-2.1.so.7 -->
	<msg id='22' display='false' source='trc'>
		<type>LOAD_MODULE</type>
		<severity>INFO</severity>
		<timestamp>Thu Aug 15 16:51:54 2024</timestamp>
		<arg name='module'>/home/apps/spack/opt/spack/linux-centos7-cascadelake/gcc-11.2.0/libevent-2.1.12-g3uxob6tamxinfaysf4ttc3nx5pjzb4h/lib/libevent_core-2.1.so.7</arg>
		<arg name='basement'>0x7fe16a714000</arg>
		<arg name='ceiling'>0x7fe16a948117</arg>
		<arg name='symtab'>yes</arg>
	</msg>
	<!-- Instrumenting image: id = 20, name = /home/apps/spack/opt/spack/linux-centos7-cascadelake/gcc-11.2.0/libevent-2.1.12-g3uxob6tamxinfaysf4ttc3nx5pjzb4h/lib/libevent_core-2.1.so.7 -->
	<!-- Instrumenting loops in routine "event_process_active_single_queue" with dynamic jumps -->
	<!-- Instrumenting loops in routine "event_base_loop" -->
	<!-- Update image info for [21:0x7FE16A511000:YN] /home/apps/spack/opt/spack/linux-centos7-cascadelake/gcc-11.2.0/libevent-2.1.12-g3uxob6tamxinfaysf4ttc3nx5pjzb4h/lib/libevent_pthreads-2.1.so.7 -->
	<msg id='23' display='false' source='trc'>
		<type>LOAD_MODULE</type>
		<severity>INFO</severity>
		<timestamp>Thu Aug 15 16:51:54 2024</timestamp>
		<arg name='module'>/home/apps/spack/opt/spack/linux-centos7-cascadelake/gcc-11.2.0/libevent-2.1.12-g3uxob6tamxinfaysf4ttc3nx5pjzb4h/lib/libevent_pthreads-2.1.so.7</arg>
		<arg name='basement'>0x7fe16a511000</arg>
		<arg name='ceiling'>0x7fe16a7130d7</arg>
		<arg name='symtab'>yes</arg>
	</msg>
	<!-- Instrumentation of /home/apps/spack/opt/spack/linux-centos7-cascadelake/gcc-11.2.0/libevent-2.1.12-g3uxob6tamxinfaysf4ttc3nx5pjzb4h/lib/libevent_pthreads-2.1.so.7 image skipped because of filter conditions [cs-mode]. -->
	<!-- Update image info for [22:0x7FE16A283000:NN] /lib64/libnl-route-3.so.200 -->
	<msg id='24' display='false' source='trc'>
		<type>LOAD_MODULE</type>
		<severity>INFO</severity>
		<timestamp>Thu Aug 15 16:51:54 2024</timestamp>
		<arg name='module'>/lib64/libnl-route-3.so.200</arg>
		<arg name='basement'>0x7fe16a283000</arg>
		<arg name='ceiling'>0x7fe16a4ef5bf</arg>
		<arg name='symtab'>no</arg>
	</msg>
	<!-- Instrumentation of /lib64/libnl-route-3.so.200 image skipped because of filter conditions [cs-mode]. -->
	<!-- Update image info for [23:0x7FE16A062000:NN] /lib64/libnl-3.so.200 -->
	<msg id='25' display='false' source='trc'>
		<type>LOAD_MODULE</type>
		<severity>INFO</severity>
		<timestamp>Thu Aug 15 16:51:54 2024</timestamp>
		<arg name='module'>/lib64/libnl-3.so.200</arg>
		<arg name='basement'>0x7fe16a062000</arg>
		<arg name='ceiling'>0x7fe16a2828c7</arg>
		<arg name='symtab'>no</arg>
	</msg>
	<!-- Instrumentation of /lib64/libnl-3.so.200 image skipped because of filter conditions [cs-mode]. -->
	<!-- Update image info for [24:0x7FE169E47000:YN] /home/apps/spack/opt/spack/linux-centos7-cascadelake/gcc-11.2.0/libpciaccess-0.16-cnsuydopm5t3k57rozbjqkx23jxie5gy/lib/libpciaccess.so.0 -->
	<msg id='26' display='false' source='trc'>
		<type>LOAD_MODULE</type>
		<severity>INFO</severity>
		<timestamp>Thu Aug 15 16:51:54 2024</timestamp>
		<arg name='module'>/home/apps/spack/opt/spack/linux-centos7-cascadelake/gcc-11.2.0/libpciaccess-0.16-cnsuydopm5t3k57rozbjqkx23jxie5gy/lib/libpciaccess.so.0</arg>
		<arg name='basement'>0x7fe169e47000</arg>
		<arg name='ceiling'>0x7fe16a04f207</arg>
		<arg name='symtab'>yes</arg>
	</msg>
	<!-- Instrumenting image: id = 24, name = /home/apps/spack/opt/spack/linux-centos7-cascadelake/gcc-11.2.0/libpciaccess-0.16-cnsuydopm5t3k57rozbjqkx23jxie5gy/lib/libpciaccess.so.0 -->
	<!-- Instrumenting loops in routine "populate_vendor" -->
	<!-- Instrumenting loops in routine "find_device_name" -->
	<!-- Update image info for [25:0x7FE169ADE000:YN] /home/apps/spack/opt/spack/linux-centos7-cascadelake/gcc-11.2.0/libxml2-2.9.12-kay3j2c6lwgtulz5lsosyvyv462cbzil/lib/libxml2.so.2 -->
	<msg id='27' display='false' source='trc'>
		<type>LOAD_MODULE</type>
		<severity>INFO</severity>
		<timestamp>Thu Aug 15 16:51:54 2024</timestamp>
		<arg name='module'>/home/apps/spack/opt/spack/linux-centos7-cascadelake/gcc-11.2.0/libxml2-2.9.12-kay3j2c6lwgtulz5lsosyvyv462cbzil/lib/libxml2.so.2</arg>
		<arg name='basement'>0x7fe169ade000</arg>
		<arg name='ceiling'>0x7fe169e46427</arg>
		<arg name='symtab'>yes</arg>
	</msg>
	<!-- Instrumentation of /home/apps/spack/opt/spack/linux-centos7-cascadelake/gcc-11.2.0/libxml2-2.9.12-kay3j2c6lwgtulz5lsosyvyv462cbzil/lib/libxml2.so.2 image skipped because of filter conditions [cs-mode]. -->
	<!-- Update image info for [26:0x7FE1698B7000:YN] /home/apps/spack/opt/spack/linux-centos7-cascadelake/gcc-11.2.0/xz-5.2.5-ah4yqsq3h4fyip47pjw4vvv4nu3xl7qa/lib/liblzma.so.5 -->
	<msg id='28' display='false' source='trc'>
		<type>LOAD_MODULE</type>
		<severity>INFO</severity>
		<timestamp>Thu Aug 15 16:51:54 2024</timestamp>
		<arg name='module'>/home/apps/spack/opt/spack/linux-centos7-cascadelake/gcc-11.2.0/xz-5.2.5-ah4yqsq3h4fyip47pjw4vvv4nu3xl7qa/lib/liblzma.so.5</arg>
		<arg name='basement'>0x7fe1698b7000</arg>
		<arg name='ceiling'>0x7fe169add297</arg>
		<arg name='symtab'>yes</arg>
	</msg>
	<!-- Instrumentation of /home/apps/spack/opt/spack/linux-centos7-cascadelake/gcc-11.2.0/xz-5.2.5-ah4yqsq3h4fyip47pjw4vvv4nu3xl7qa/lib/liblzma.so.5 image skipped because of filter conditions [cs-mode]. -->
	<!-- Update image info for [27:0x7FE1695BA000:YN] /home/apps/spack/opt/spack/linux-centos7-cascadelake/gcc-11.2.0/libiconv-1.16-mm6aw6xtwmip37hy5h6fikz4gg3mtl4n/lib/libiconv.so.2 -->
	<msg id='29' display='false' source='trc'>
		<type>LOAD_MODULE</type>
		<severity>INFO</severity>
		<timestamp>Thu Aug 15 16:51:54 2024</timestamp>
		<arg name='module'>/home/apps/spack/opt/spack/linux-centos7-cascadelake/gcc-11.2.0/libiconv-1.16-mm6aw6xtwmip37hy5h6fikz4gg3mtl4n/lib/libiconv.so.2</arg>
		<arg name='basement'>0x7fe1695ba000</arg>
		<arg name='ceiling'>0x7fe1698b60af</arg>
		<arg name='symtab'>yes</arg>
	</msg>
	<!-- Instrumentation of /home/apps/spack/opt/spack/linux-centos7-cascadelake/gcc-11.2.0/libiconv-1.16-mm6aw6xtwmip37hy5h6fikz4gg3mtl4n/lib/libiconv.so.2 image skipped because of filter conditions [cs-mode]. -->
</log>
	<msg id='30' display='false' source='trc'>
		<type>UNLOAD_MODULE</type>
		<severity>INFO</severity>
		<timestamp>Thu Aug 15 16:53:25 2024</timestamp>
		<arg name='module'>/home/user2/project/project/option_pricing_openmpi</arg>
	</msg>
	<msg id='31' display='false' source='trc'>
		<type>UNLOAD_MODULE</type>
		<severity>INFO</severity>
		<timestamp>Thu Aug 15 16:53:25 2024</timestamp>
		<arg name='module'>/lib64/ld-linux-x86-64.so.2</arg>
	</msg>
	<msg id='32' display='false' source='trc'>
		<type>UNLOAD_MODULE</type>
		<severity>INFO</severity>
		<timestamp>Thu Aug 15 16:53:25 2024</timestamp>
		<arg name='module'>[vdso]</arg>
	</msg>
	<msg id='33' display='false' source='trc'>
		<type>UNLOAD_MODULE</type>
		<severity>INFO</severity>
		<timestamp>Thu Aug 15 16:53:25 2024</timestamp>
		<arg name='module'>/home/apps/spack/opt/spack/linux-centos7-cascadelake/gcc-11.2.0/openmpi-4.1.1-ng5onpe6lgk5uw65blmf7656dtucqoi3/lib/libmpi.so.40</arg>
	</msg>
	<msg id='34' display='false' source='trc'>
		<type>UNLOAD_MODULE</type>
		<severity>INFO</severity>
		<timestamp>Thu Aug 15 16:53:25 2024</timestamp>
		<arg name='module'>/home/apps/spack/opt/spack/linux-centos7-haswell/gcc-4.8.5/gcc-11.2.0-yqde46ks5t2vg2szmjvadwjv6uwmmytl/lib64/libstdc++.so.6</arg>
	</msg>
	<msg id='35' display='false' source='trc'>
		<type>UNLOAD_MODULE</type>
		<severity>INFO</severity>
		<timestamp>Thu Aug 15 16:53:25 2024</timestamp>
		<arg name='module'>/lib64/libm.so.6</arg>
	</msg>
	<msg id='36' display='false' source='trc'>
		<type>UNLOAD_MODULE</type>
		<severity>INFO</severity>
		<timestamp>Thu Aug 15 16:53:25 2024</timestamp>
		<arg name='module'>/home/apps/spack/opt/spack/linux-centos7-haswell/gcc-4.8.5/gcc-11.2.0-yqde46ks5t2vg2szmjvadwjv6uwmmytl/lib64/libgcc_s.so.1</arg>
	</msg>
	<msg id='37' display='false' source='trc'>
		<type>UNLOAD_MODULE</type>
		<severity>INFO</severity>
		<timestamp>Thu Aug 15 16:53:25 2024</timestamp>
		<arg name='module'>/lib64/libpthread.so.0</arg>
	</msg>
	<msg id='38' display='false' source='trc'>
		<type>UNLOAD_MODULE</type>
		<severity>INFO</severity>
		<timestamp>Thu Aug 15 16:53:25 2024</timestamp>
		<arg name='module'>/lib64/libc.so.6</arg>
	</msg>
	<msg id='39' display='false' source='trc'>
		<type>UNLOAD_MODULE</type>
		<severity>INFO</severity>
		<timestamp>Thu Aug 15 16:53:25 2024</timestamp>
		<arg name='module'>/home/apps/spack/opt/spack/linux-centos7-cascadelake/gcc-11.2.0/openmpi-4.1.1-ng5onpe6lgk5uw65blmf7656dtucqoi3/lib/libopen-rte.so.40</arg>
	</msg>
	<msg id='40' display='false' source='trc'>
		<type>UNLOAD_MODULE</type>
		<severity>INFO</severity>
		<timestamp>Thu Aug 15 16:53:25 2024</timestamp>
		<arg name='module'>/home/apps/spack/opt/spack/linux-centos7-cascadelake/gcc-11.2.0/openmpi-4.1.1-ng5onpe6lgk5uw65blmf7656dtucqoi3/lib/libopen-orted-mpir.so</arg>
	</msg>
	<msg id='41' display='false' source='trc'>
		<type>UNLOAD_MODULE</type>
		<severity>INFO</severity>
		<timestamp>Thu Aug 15 16:53:25 2024</timestamp>
		<arg name='module'>/home/apps/spack/opt/spack/linux-centos7-cascadelake/gcc-11.2.0/openmpi-4.1.1-ng5onpe6lgk5uw65blmf7656dtucqoi3/lib/libopen-pal.so.40</arg>
	</msg>
	<msg id='42' display='false' source='trc'>
		<type>UNLOAD_MODULE</type>
		<severity>INFO</severity>
		<timestamp>Thu Aug 15 16:53:25 2024</timestamp>
		<arg name='module'>/lib64/librdmacm.so.1</arg>
	</msg>
	<msg id='43' display='false' source='trc'>
		<type>UNLOAD_MODULE</type>
		<severity>INFO</severity>
		<timestamp>Thu Aug 15 16:53:25 2024</timestamp>
		<arg name='module'>/lib64/libibverbs.so.1</arg>
	</msg>
	<msg id='44' display='false' source='trc'>
		<type>UNLOAD_MODULE</type>
		<severity>INFO</severity>
		<timestamp>Thu Aug 15 16:53:25 2024</timestamp>
		<arg name='module'>/lib64/libdl.so.2</arg>
	</msg>
	<msg id='45' display='false' source='trc'>
		<type>UNLOAD_MODULE</type>
		<severity>INFO</severity>
		<timestamp>Thu Aug 15 16:53:25 2024</timestamp>
		<arg name='module'>/lib64/librt.so.1</arg>
	</msg>
	<msg id='46' display='false' source='trc'>
		<type>UNLOAD_MODULE</type>
		<severity>INFO</severity>
		<timestamp>Thu Aug 15 16:53:25 2024</timestamp>
		<arg name='module'>/lib64/libutil.so.1</arg>
	</msg>
	<msg id='47' display='false' source='trc'>
		<type>UNLOAD_MODULE</type>
		<severity>INFO</severity>
		<timestamp>Thu Aug 15 16:53:25 2024</timestamp>
		<arg name='module'>/home/apps/spack/opt/spack/linux-centos7-cascadelake/gcc-11.2.0/zlib-1.2.11-2r3jtjxvltasn7jh64vhgfg6ikrckiy7/lib/libz.so.1</arg>
	</msg>
	<msg id='48' display='false' source='trc'>
		<type>UNLOAD_MODULE</type>
		<severity>INFO</severity>
		<timestamp>Thu Aug 15 16:53:25 2024</timestamp>
		<arg name='module'>/home/apps/spack/opt/spack/linux-centos7-cascadelake/gcc-11.2.0/hwloc-2.6.0-rsbdipafg2udtzjjkohyqkzl6gjubakg/lib/libhwloc.so.15</arg>
	</msg>
	<msg id='49' display='false' source='trc'>
		<type>UNLOAD_MODULE</type>
		<severity>INFO</severity>
		<timestamp>Thu Aug 15 16:53:25 2024</timestamp>
		<arg name='module'>/home/apps/spack/opt/spack/linux-centos7-cascadelake/gcc-11.2.0/libevent-2.1.12-g3uxob6tamxinfaysf4ttc3nx5pjzb4h/lib/libevent_core-2.1.so.7</arg>
	</msg>
	<msg id='50' display='false' source='trc'>
		<type>UNLOAD_MODULE</type>
		<severity>INFO</severity>
		<timestamp>Thu Aug 15 16:53:25 2024</timestamp>
		<arg name='module'>/home/apps/spack/opt/spack/linux-centos7-cascadelake/gcc-11.2.0/libevent-2.1.12-g3uxob6tamxinfaysf4ttc3nx5pjzb4h/lib/libevent_pthreads-2.1.so.7</arg>
	</msg>
	<msg id='51' display='false' source='trc'>
		<type>UNLOAD_MODULE</type>
		<severity>INFO</severity>
		<timestamp>Thu Aug 15 16:53:25 2024</timestamp>
		<arg name='module'>/lib64/libnl-route-3.so.200</arg>
	</msg>
	<msg id='52' display='false' source='trc'>
		<type>UNLOAD_MODULE</type>
		<severity>INFO</severity>
		<timestamp>Thu Aug 15 16:53:25 2024</timestamp>
		<arg name='module'>/lib64/libnl-3.so.200</arg>
	</msg>
	<msg id='53' display='false' source='trc'>
		<type>UNLOAD_MODULE</type>
		<severity>INFO</severity>
		<timestamp>Thu Aug 15 16:53:25 2024</timestamp>
		<arg name='module'>/home/apps/spack/opt/spack/linux-centos7-cascadelake/gcc-11.2.0/libpciaccess-0.16-cnsuydopm5t3k57rozbjqkx23jxie5gy/lib/libpciaccess.so.0</arg>
	</msg>
	<msg id='54' display='false' source='trc'>
		<type>UNLOAD_MODULE</type>
		<severity>INFO</severity>
		<timestamp>Thu Aug 15 16:53:25 2024</timestamp>
		<arg name='module'>/home/apps/spack/opt/spack/linux-centos7-cascadelake/gcc-11.2.0/libxml2-2.9.12-kay3j2c6lwgtulz5lsosyvyv462cbzil/lib/libxml2.so.2</arg>
	</msg>
	<msg id='55' display='false' source='trc'>
		<type>UNLOAD_MODULE</type>
		<severity>INFO</severity>
		<timestamp>Thu Aug 15 16:53:25 2024</timestamp>
		<arg name='module'>/home/apps/spack/opt/spack/linux-centos7-cascadelake/gcc-11.2.0/xz-5.2.5-ah4yqsq3h4fyip47pjw4vvv4nu3xl7qa/lib/liblzma.so.5</arg>
	</msg>
	<msg id='56' display='false' source='trc'>
		<type>UNLOAD_MODULE</type>
		<severity>INFO</severity>
		<timestamp>Thu Aug 15 16:53:25 2024</timestamp>
		<arg name='module'>/home/apps/spack/opt/spack/linux-centos7-cascadelake/gcc-11.2.0/libiconv-1.16-mm6aw6xtwmip37hy5h6fikz4gg3mtl4n/lib/libiconv.so.2</arg>
	</msg>
	<msg id='57' display='false' source='trc'>
		<type>PROCESS_FINISH</type>
		<severity>INFO</severity>
		<timestamp>Thu Aug 15 16:53:25 2024</timestamp>
		<arg name='process'>/home/user2/project/project/option_pricing_openmpi</arg>
		<arg name='pid'>105994</arg>
		<arg name='exitcode'>0x0</arg>
	</msg>
	<!-- Application exited with code 0 -->
</log>